#
# There is insufficient memory for the Java Runtime Environment to continue.
# Native memory allocation (mmap) failed to map 162529280 bytes for committing reserved memory.
# Possible reasons:
#   The system is out of physical RAM or swap space
#   In 32 bit mode, the process size limit was hit
# Possible solutions:
#   Reduce memory load on the system
#   Increase physical memory or swap space
#   Check if swap backing store is full
#   Use 64 bit Java on a 64 bit OS
#   Decrease Java heap size (-Xmx/-Xms)
#   Decrease number of Java threads
#   Decrease Java thread stack sizes (-Xss)
#   Set larger code cache with -XX:ReservedCodeCacheSize=
# This output file may be truncated or incomplete.
#
#  Out of Memory Error (os_linux.cpp:2627), pid=15390, tid=0x00007fd8ed2f2700
#
# JRE version: OpenJDK Runtime Environment (8.0_92-b14) (build 1.8.0_92-b14)
# Java VM: OpenJDK 64-Bit Server VM (25.92-b14 mixed mode linux-amd64 compressed oops)
# Core dump written. Default location: /home/patrik/DATA/AndroidStudioProjects/MTSuite/app/core or core.15390
#

---------------  T H R E A D  ---------------

Current thread (0x00007fd904077000):  VMThread [stack: 0x00007fd8ed1f2000,0x00007fd8ed2f3000] [id=15400]

Stack: [0x00007fd8ed1f2000,0x00007fd8ed2f3000],  sp=0x00007fd8ed2f14c0,  free space=1021k
Native frames: (J=compiled Java code, j=interpreted, Vv=VM code, C=native code)
V  [libjvm.so+0xa596cb]
V  [libjvm.so+0x4c344c]
V  [libjvm.so+0x8aa3f0]
V  [libjvm.so+0x8a491e]
V  [libjvm.so+0x91e90b]
V  [libjvm.so+0x91fc43]
V  [libjvm.so+0x91c31b]
V  [libjvm.so+0x91c5cc]
V  [libjvm.so+0x8ce953]
V  [libjvm.so+0xa5b312]
V  [libjvm.so+0xa602e7]
V  [libjvm.so+0xa5db2c]
V  [libjvm.so+0xa5ef0f]
V  [libjvm.so+0xa5f401]
V  [libjvm.so+0x8a7902]

VM_Operation (0x00007fd90b52b1f0): ParallelGCFailedAllocation, mode: safepoint, requested by thread 0x00007fd904009000


---------------  P R O C E S S  ---------------

Java Threads: ( => current thread )
  0x00007fd9040bf800 JavaThread "Service Thread" daemon [_thread_blocked, id=15407, stack(0x00007fd8ec73d000,0x00007fd8ec83e000)]
  0x00007fd9040bc000 JavaThread "C1 CompilerThread2" daemon [_thread_blocked, id=15406, stack(0x00007fd8ec83e000,0x00007fd8ec93f000)]
  0x00007fd9040ba800 JavaThread "C2 CompilerThread1" daemon [_thread_blocked, id=15405, stack(0x00007fd8ec93f000,0x00007fd8eca40000)]
  0x00007fd9040b7800 JavaThread "C2 CompilerThread0" daemon [_thread_blocked, id=15404, stack(0x00007fd8eca40000,0x00007fd8ecb41000)]
  0x00007fd9040b6000 JavaThread "Signal Dispatcher" daemon [_thread_blocked, id=15403, stack(0x00007fd8ecb41000,0x00007fd8ecc42000)]
  0x00007fd904083000 JavaThread "Finalizer" daemon [_thread_blocked, id=15402, stack(0x00007fd8ecff0000,0x00007fd8ed0f1000)]
  0x00007fd90407e800 JavaThread "Reference Handler" daemon [_thread_blocked, id=15401, stack(0x00007fd8ed0f1000,0x00007fd8ed1f2000)]
  0x00007fd904009000 JavaThread "main" [_thread_blocked, id=15395, stack(0x00007fd90b42c000,0x00007fd90b52d000)]

Other Threads:
=>0x00007fd904077000 VMThread [stack: 0x00007fd8ed1f2000,0x00007fd8ed2f3000] [id=15400]
  0x00007fd9040c2000 WatcherThread [stack: 0x00007fd8ec63c000,0x00007fd8ec73d000] [id=15408]

VM state:at safepoint (normal execution)

VM Mutex/Monitor currently owned by a thread:  ([mutex/lock_event])
[0x00007fd904007260] Threads_lock - owner thread: 0x00007fd904077000
[0x00007fd904007760] Heap_lock - owner thread: 0x00007fd904009000

Heap:
 PSYoungGen      total 132096K, used 5090K [0x00000000eab00000, 0x00000000f3100000, 0x0000000100000000)
  eden space 126976K, 0% used [0x00000000eab00000,0x00000000eab00000,0x00000000f2700000)
  from space 5120K, 99% used [0x00000000f2700000,0x00000000f2bf8b60,0x00000000f2c00000)
  to   space 5120K, 0% used [0x00000000f2c00000,0x00000000f2c00000,0x00000000f3100000)
 ParOldGen       total 84992K, used 37323K [0x00000000c0000000, 0x00000000c5300000, 0x00000000eab00000)
  object space 84992K, 43% used [0x00000000c0000000,0x00000000c2472f20,0x00000000c5300000)
 Metaspace       used 7635K, capacity 7944K, committed 8192K, reserved 1056768K
  class space    used 732K, capacity 755K, committed 768K, reserved 1048576K

Card table byte_map: [0x00007fd9084f3000,0x00007fd9086f4000] byte_map_base: 0x00007fd907ef3000

Marking Bits: (ParMarkBitMap*) 0x00007fd90a73a540
 Begin Bits: [0x00007fd8ee000000, 0x00007fd8ef000000)
 End Bits:   [0x00007fd8ef000000, 0x00007fd8f0000000)

Polling page: 0x00007fd90b55d000

CodeCache: size=245760Kb used=7984Kb max_used=8004Kb free=237775Kb
 bounds [0x00007fd8f5000000, 0x00007fd8f57e0000, 0x00007fd904000000]
 total_blobs=2619 nmethods=2324 adapters=210
 compilation: enabled

Compilation events (10 events):
Event: 2,206 Thread 0x00007fd9040bc000 2357       3       com.android.dx.io.instructions.ShortArrayCodeInput::readLong (45 bytes)
Event: 2,207 Thread 0x00007fd9040bc000 nmethod 2357 0x00007fd8f57ca690 code [0x00007fd8f57ca8a0, 0x00007fd8f57cb798]
Event: 2,207 Thread 0x00007fd9040bc000 2356       3       com.android.dx.io.instructions.InstructionCodec$31::decode (36 bytes)
Event: 2,207 Thread 0x00007fd9040bc000 nmethod 2356 0x00007fd8f57c0fd0 code [0x00007fd8f57c1180, 0x00007fd8f57c1618]
Event: 2,207 Thread 0x00007fd9040bc000 2358       3       com.android.dx.io.instructions.InstructionCodec$31::encode (39 bytes)
Event: 2,208 Thread 0x00007fd9040bc000 nmethod 2358 0x00007fd8f57cc010 code [0x00007fd8f57cc260, 0x00007fd8f57cd6b8]
Event: 2,221 Thread 0x00007fd9040bc000 2359 %     3       com.android.dx.io.instructions.ShortArrayCodeOutput::write @ 8 (33 bytes)
Event: 2,221 Thread 0x00007fd9040bc000 nmethod 2359% 0x00007fd8f57ce050 code [0x00007fd8f57ce200, 0x00007fd8f57cea70]
Event: 2,226 Thread 0x00007fd9040ba800 nmethod 2327 0x00007fd8f57d3e10 code [0x00007fd8f57d4280, 0x00007fd8f57d6540]
Event: 2,226 Thread 0x00007fd9040ba800 2350       4       com.android.dex.Dex$Section::readClassDef (78 bytes)

GC Heap History (9 events):
Event: 0,936 GC heap before
{Heap before GC invocations=1 (full 0):
 PSYoungGen      total 36864K, used 31744K [0x00000000eab00000, 0x00000000ed400000, 0x0000000100000000)
  eden space 31744K, 100% used [0x00000000eab00000,0x00000000eca00000,0x00000000eca00000)
  from space 5120K, 0% used [0x00000000ecf00000,0x00000000ecf00000,0x00000000ed400000)
  to   space 5120K, 0% used [0x00000000eca00000,0x00000000eca00000,0x00000000ecf00000)
 ParOldGen       total 84992K, used 0K [0x00000000c0000000, 0x00000000c5300000, 0x00000000eab00000)
  object space 84992K, 0% used [0x00000000c0000000,0x00000000c0000000,0x00000000c5300000)
 Metaspace       used 5547K, capacity 6896K, committed 7040K, reserved 1056768K
  class space    used 531K, capacity 616K, committed 640K, reserved 1048576K
Event: 0,946 GC heap after
Heap after GC invocations=1 (full 0):
 PSYoungGen      total 36864K, used 5103K [0x00000000eab00000, 0x00000000ef300000, 0x0000000100000000)
  eden space 31744K, 0% used [0x00000000eab00000,0x00000000eab00000,0x00000000eca00000)
  from space 5120K, 99% used [0x00000000eca00000,0x00000000ecefbea0,0x00000000ecf00000)
  to   space 5120K, 0% used [0x00000000eee00000,0x00000000eee00000,0x00000000ef300000)
 ParOldGen       total 84992K, used 2441K [0x00000000c0000000, 0x00000000c5300000, 0x00000000eab00000)
  object space 84992K, 2% used [0x00000000c0000000,0x00000000c0262708,0x00000000c5300000)
 Metaspace       used 5547K, capacity 6896K, committed 7040K, reserved 1056768K
  class space    used 531K, capacity 616K, committed 640K, reserved 1048576K
}
Event: 1,547 GC heap before
{Heap before GC invocations=2 (full 0):
 PSYoungGen      total 36864K, used 36847K [0x00000000eab00000, 0x00000000ef300000, 0x0000000100000000)
  eden space 31744K, 100% used [0x00000000eab00000,0x00000000eca00000,0x00000000eca00000)
  from space 5120K, 99% used [0x00000000eca00000,0x00000000ecefbea0,0x00000000ecf00000)
  to   space 5120K, 0% used [0x00000000eee00000,0x00000000eee00000,0x00000000ef300000)
 ParOldGen       total 84992K, used 2441K [0x00000000c0000000, 0x00000000c5300000, 0x00000000eab00000)
  object space 84992K, 2% used [0x00000000c0000000,0x00000000c0262708,0x00000000c5300000)
 Metaspace       used 7474K, capacity 7874K, committed 7936K, reserved 1056768K
  class space    used 724K, capacity 754K, committed 768K, reserved 1048576K
Event: 1,556 GC heap after
Heap after GC invocations=2 (full 0):
 PSYoungGen      total 68608K, used 5105K [0x00000000eab00000, 0x00000000ef300000, 0x0000000100000000)
  eden space 63488K, 0% used [0x00000000eab00000,0x00000000eab00000,0x00000000ee900000)
  from space 5120K, 99% used [0x00000000eee00000,0x00000000ef2fc4c8,0x00000000ef300000)
  to   space 5120K, 0% used [0x00000000ee900000,0x00000000ee900000,0x00000000eee00000)
 ParOldGen       total 84992K, used 8934K [0x00000000c0000000, 0x00000000c5300000, 0x00000000eab00000)
  object space 84992K, 10% used [0x00000000c0000000,0x00000000c08b98b8,0x00000000c5300000)
 Metaspace       used 7474K, capacity 7874K, committed 7936K, reserved 1056768K
  class space    used 724K, capacity 754K, committed 768K, reserved 1048576K
}
Event: 1,827 GC heap before
{Heap before GC invocations=3 (full 0):
 PSYoungGen      total 68608K, used 68593K [0x00000000eab00000, 0x00000000ef300000, 0x0000000100000000)
  eden space 63488K, 100% used [0x00000000eab00000,0x00000000ee900000,0x00000000ee900000)
  from space 5120K, 99% used [0x00000000eee00000,0x00000000ef2fc4c8,0x00000000ef300000)
  to   space 5120K, 0% used [0x00000000ee900000,0x00000000ee900000,0x00000000eee00000)
 ParOldGen       total 84992K, used 8934K [0x00000000c0000000, 0x00000000c5300000, 0x00000000eab00000)
  object space 84992K, 10% used [0x00000000c0000000,0x00000000c08b98b8,0x00000000c5300000)
 Metaspace       used 7525K, capacity 7874K, committed 7936K, reserved 1056768K
  class space    used 724K, capacity 754K, committed 768K, reserved 1048576K
Event: 1,844 GC heap after
Heap after GC invocations=3 (full 0):
 PSYoungGen      total 68608K, used 5090K [0x00000000eab00000, 0x00000000f3100000, 0x0000000100000000)
  eden space 63488K, 0% used [0x00000000eab00000,0x00000000eab00000,0x00000000ee900000)
  from space 5120K, 99% used [0x00000000ee900000,0x00000000eedf8b80,0x00000000eee00000)
  to   space 5120K, 0% used [0x00000000f2c00000,0x00000000f2c00000,0x00000000f3100000)
 ParOldGen       total 84992K, used 13346K [0x00000000c0000000, 0x00000000c5300000, 0x00000000eab00000)
  object space 84992K, 15% used [0x00000000c0000000,0x00000000c0d08808,0x00000000c5300000)
 Metaspace       used 7525K, capacity 7874K, committed 7936K, reserved 1056768K
  class space    used 724K, capacity 754K, committed 768K, reserved 1048576K
}
Event: 1,980 GC heap before
{Heap before GC invocations=4 (full 0):
 PSYoungGen      total 68608K, used 68578K [0x00000000eab00000, 0x00000000f3100000, 0x0000000100000000)
  eden space 63488K, 100% used [0x00000000eab00000,0x00000000ee900000,0x00000000ee900000)
  from space 5120K, 99% used [0x00000000ee900000,0x00000000eedf8b80,0x00000000eee00000)
  to   space 5120K, 0% used [0x00000000f2c00000,0x00000000f2c00000,0x00000000f3100000)
 ParOldGen       total 84992K, used 13346K [0x00000000c0000000, 0x00000000c5300000, 0x00000000eab00000)
  object space 84992K, 15% used [0x00000000c0000000,0x00000000c0d08808,0x00000000c5300000)
 Metaspace       used 7542K, capacity 7874K, committed 7936K, reserved 1056768K
  class space    used 724K, capacity 754K, committed 768K, reserved 1048576K
Event: 1,992 GC heap after
Heap after GC invocations=4 (full 0):
 PSYoungGen      total 132096K, used 5100K [0x00000000eab00000, 0x00000000f3100000, 0x0000000100000000)
  eden space 126976K, 0% used [0x00000000eab00000,0x00000000eab00000,0x00000000f2700000)
  from space 5120K, 99% used [0x00000000f2c00000,0x00000000f30fb358,0x00000000f3100000)
  to   space 5120K, 0% used [0x00000000f2700000,0x00000000f2700000,0x00000000f2c00000)
 ParOldGen       total 84992K, used 20904K [0x00000000c0000000, 0x00000000c5300000, 0x00000000eab00000)
  object space 84992K, 24% used [0x00000000c0000000,0x00000000c146a008,0x00000000c5300000)
 Metaspace       used 7542K, capacity 7874K, committed 7936K, reserved 1056768K
  class space    used 724K, capacity 754K, committed 768K, reserved 1048576K
}
Event: 2,228 GC heap before
{Heap before GC invocations=5 (full 0):
 PSYoungGen      total 132096K, used 132076K [0x00000000eab00000, 0x00000000f3100000, 0x0000000100000000)
  eden space 126976K, 100% used [0x00000000eab00000,0x00000000f2700000,0x00000000f2700000)
  from space 5120K, 99% used [0x00000000f2c00000,0x00000000f30fb358,0x00000000f3100000)
  to   space 5120K, 0% used [0x00000000f2700000,0x00000000f2700000,0x00000000f2c00000)
 ParOldGen       total 84992K, used 20904K [0x00000000c0000000, 0x00000000c5300000, 0x00000000eab00000)
  object space 84992K, 24% used [0x00000000c0000000,0x00000000c146a008,0x00000000c5300000)
 Metaspace       used 7635K, capacity 7944K, committed 8192K, reserved 1056768K
  class space    used 732K, capacity 755K, committed 768K, reserved 1048576K

Deoptimization events (10 events):
Event: 1,264 Thread 0x00007fd904009000 Uncommon trap: reason=class_check action=maybe_recompile pc=0x00007fd8f55ba65c method=com.android.dex.Leb128.writeUnsignedLeb128(Lcom/android/dex/util/ByteOutput;I)V @ 40
Event: 1,265 Thread 0x00007fd904009000 Uncommon trap: reason=class_check action=maybe_recompile pc=0x00007fd8f55ba65c method=com.android.dex.Leb128.writeUnsignedLeb128(Lcom/android/dex/util/ByteOutput;I)V @ 40
Event: 1,312 Thread 0x00007fd904009000 Uncommon trap: reason=unstable_if action=reinterpret pc=0x00007fd8f55ca778 method=java.util.HashMap.putVal(ILjava/lang/Object;Ljava/lang/Object;ZZ)Ljava/lang/Object; @ 162
Event: 1,324 Thread 0x00007fd904009000 Uncommon trap: reason=predicate action=maybe_recompile pc=0x00007fd8f55feed4 method=com.android.dex.Leb128.writeUnsignedLeb128(Lcom/android/dex/util/ByteOutput;I)V @ 9
Event: 1,324 Thread 0x00007fd904009000 Uncommon trap: reason=unstable_if action=reinterpret pc=0x00007fd8f5521c38 method=java.util.HashMap.getNode(ILjava/lang/Object;)Ljava/util/HashMap$Node; @ 84
Event: 1,350 Thread 0x00007fd904009000 Uncommon trap: reason=unstable_if action=reinterpret pc=0x00007fd8f555afc0 method=java.util.HashMap.getNode(ILjava/lang/Object;)Ljava/util/HashMap$Node; @ 84
Event: 1,408 Thread 0x00007fd904009000 Uncommon trap: reason=class_check action=maybe_recompile pc=0x00007fd8f534c778 method=java.util.ArrayList.<init>(Ljava/util/Collection;)V @ 6
Event: 1,418 Thread 0x00007fd904009000 Uncommon trap: reason=class_check action=maybe_recompile pc=0x00007fd8f534c778 method=java.util.ArrayList.<init>(Ljava/util/Collection;)V @ 6
Event: 1,438 Thread 0x00007fd904009000 Uncommon trap: reason=predicate action=maybe_recompile pc=0x00007fd8f564be18 method=com.android.dex.Leb128.readUnsignedLeb128(Lcom/android/dex/util/ByteInput;)I @ 41
Event: 2,157 Thread 0x00007fd904009000 Uncommon trap: reason=unstable_if action=reinterpret pc=0x00007fd8f576ff40 method=com.android.dx.merge.DexMerger$IdMerger.mergeSorted()V @ 261

Internal exceptions (8 events):
Event: 0,014 Thread 0x00007fd904009000 Exception <a 'java/lang/NoSuchMethodError': Method sun.misc.Unsafe.defineClass(Ljava/lang/String;[BII)Ljava/lang/Class; name or signature does not match> (0x00000000eab07cc0) thrown at [/build/java8-openjdk/src/jdk8u-jdk8u92-b14/hotspot/src/share/vm/prims
Event: 0,014 Thread 0x00007fd904009000 Exception <a 'java/lang/NoSuchMethodError': Method sun.misc.Unsafe.prefetchRead(Ljava/lang/Object;J)V name or signature does not match> (0x00000000eab07fa8) thrown at [/build/java8-openjdk/src/jdk8u-jdk8u92-b14/hotspot/src/share/vm/prims/jni.cpp, line 401
Event: 1,406 Thread 0x00007fd904009000 Exception <a 'java/security/PrivilegedActionException'> (0x00000000ebe533b8) thrown at [/build/java8-openjdk/src/jdk8u-jdk8u92-b14/hotspot/src/share/vm/prims/jvm.cpp, line 1386]
Event: 1,406 Thread 0x00007fd904009000 Exception <a 'java/security/PrivilegedActionException'> (0x00000000ebe537b0) thrown at [/build/java8-openjdk/src/jdk8u-jdk8u92-b14/hotspot/src/share/vm/prims/jvm.cpp, line 1386]
Event: 1,407 Thread 0x00007fd904009000 Exception <a 'java/security/PrivilegedActionException'> (0x00000000ebe55a00) thrown at [/build/java8-openjdk/src/jdk8u-jdk8u92-b14/hotspot/src/share/vm/prims/jvm.cpp, line 1386]
Event: 1,407 Thread 0x00007fd904009000 Exception <a 'java/security/PrivilegedActionException'> (0x00000000ebe55df8) thrown at [/build/java8-openjdk/src/jdk8u-jdk8u92-b14/hotspot/src/share/vm/prims/jvm.cpp, line 1386]
Event: 1,407 Thread 0x00007fd904009000 Exception <a 'java/security/PrivilegedActionException'> (0x00000000ebe56c20) thrown at [/build/java8-openjdk/src/jdk8u-jdk8u92-b14/hotspot/src/share/vm/prims/jvm.cpp, line 1386]
Event: 1,407 Thread 0x00007fd904009000 Exception <a 'java/security/PrivilegedActionException'> (0x00000000ebe57018) thrown at [/build/java8-openjdk/src/jdk8u-jdk8u92-b14/hotspot/src/share/vm/prims/jvm.cpp, line 1386]

Events (10 events):
Event: 2,125 loading class sun/reflect/ClassDefiner$1
Event: 2,125 loading class sun/reflect/ClassDefiner$1 done
Event: 2,125 loading class sun/reflect/BootstrapConstructorAccessorImpl
Event: 2,125 loading class sun/reflect/BootstrapConstructorAccessorImpl done
Event: 2,157 Thread 0x00007fd904009000 Uncommon trap: trap_request=0xffffff65 fr.pc=0x00007fd8f576ff40
Event: 2,157 Thread 0x00007fd904009000 DEOPT PACKING pc=0x00007fd8f576ff40 sp=0x00007fd90b52b620
Event: 2,157 Thread 0x00007fd904009000 DEOPT UNPACKING pc=0x00007fd8f5004f69 sp=0x00007fd90b52b5c8 mode 2
Event: 2,187 Thread 0x00007fd904009000 DEOPT PACKING pc=0x00007fd8f57060cf sp=0x00007fd90b52b380
Event: 2,187 Thread 0x00007fd904009000 DEOPT UNPACKING pc=0x00007fd8f5047373 sp=0x00007fd90b52b0c8 mode 0
Event: 2,228 Executing VM operation: ParallelGCFailedAllocation


Dynamic libraries:
00400000-00401000 r-xp 00000000 08:01 7087574                            /usr/lib/jvm/java-8-openjdk/jre/bin/java
00600000-00601000 rw-p 00000000 08:01 7087574                            /usr/lib/jvm/java-8-openjdk/jre/bin/java
01f9f000-01fc0000 rw-p 00000000 00:00 0                                  [heap]
c0000000-c5300000 rw-p 00000000 00:00 0 
c5300000-eab00000 ---p 00000000 00:00 0 
eab00000-f3100000 rw-p 00000000 00:00 0 
fcc00000-100000000 ---p 00000000 00:00 0 
100000000-1000c0000 rw-p 00000000 00:00 0 
1000c0000-140000000 ---p 00000000 00:00 0 
7fd8b8000000-7fd8b8021000 rw-p 00000000 00:00 0 
7fd8b8021000-7fd8bc000000 ---p 00000000 00:00 0 
7fd8c0000000-7fd8c0862000 rw-p 00000000 00:00 0 
7fd8c0862000-7fd8c4000000 ---p 00000000 00:00 0 
7fd8c4000000-7fd8c4021000 rw-p 00000000 00:00 0 
7fd8c4021000-7fd8c8000000 ---p 00000000 00:00 0 
7fd8c8000000-7fd8c88a0000 rw-p 00000000 00:00 0 
7fd8c88a0000-7fd8cc000000 ---p 00000000 00:00 0 
7fd8cc000000-7fd8cc854000 rw-p 00000000 00:00 0 
7fd8cc854000-7fd8d0000000 ---p 00000000 00:00 0 
7fd8d0000000-7fd8d0021000 rw-p 00000000 00:00 0 
7fd8d0021000-7fd8d4000000 ---p 00000000 00:00 0 
7fd8d4000000-7fd8d4021000 rw-p 00000000 00:00 0 
7fd8d4021000-7fd8d8000000 ---p 00000000 00:00 0 
7fd8d8000000-7fd8d802e000 rw-p 00000000 00:00 0 
7fd8d802e000-7fd8dc000000 ---p 00000000 00:00 0 
7fd8dc000000-7fd8dc021000 rw-p 00000000 00:00 0 
7fd8dc021000-7fd8e0000000 ---p 00000000 00:00 0 
7fd8e0000000-7fd8e0021000 rw-p 00000000 00:00 0 
7fd8e0021000-7fd8e4000000 ---p 00000000 00:00 0 
7fd8e4000000-7fd8e4021000 rw-p 00000000 00:00 0 
7fd8e4021000-7fd8e8000000 ---p 00000000 00:00 0 
7fd8e8000000-7fd8e8021000 rw-p 00000000 00:00 0 
7fd8e8021000-7fd8ec000000 ---p 00000000 00:00 0 
7fd8ec63c000-7fd8ec63d000 ---p 00000000 00:00 0 
7fd8ec63d000-7fd8ec73d000 rw-p 00000000 00:00 0 
7fd8ec73d000-7fd8ec740000 ---p 00000000 00:00 0 
7fd8ec740000-7fd8ec83e000 rw-p 00000000 00:00 0 
7fd8ec83e000-7fd8ec841000 ---p 00000000 00:00 0 
7fd8ec841000-7fd8ec93f000 rw-p 00000000 00:00 0 
7fd8ec93f000-7fd8ec942000 ---p 00000000 00:00 0 
7fd8ec942000-7fd8eca40000 rw-p 00000000 00:00 0 
7fd8eca40000-7fd8eca43000 ---p 00000000 00:00 0 
7fd8eca43000-7fd8ecb41000 rw-p 00000000 00:00 0 
7fd8ecb41000-7fd8ecb44000 ---p 00000000 00:00 0 
7fd8ecb44000-7fd8ecc42000 rw-p 00000000 00:00 0 
7fd8ecc42000-7fd8ecff0000 r--p 00000000 08:01 6591396                    /usr/lib/locale/locale-archive
7fd8ecff0000-7fd8ecff3000 ---p 00000000 00:00 0 
7fd8ecff3000-7fd8ed0f1000 rw-p 00000000 00:00 0 
7fd8ed0f1000-7fd8ed0f4000 ---p 00000000 00:00 0 
7fd8ed0f4000-7fd8ed1f2000 rw-p 00000000 00:00 0 
7fd8ed1f2000-7fd8ed1f3000 ---p 00000000 00:00 0 
7fd8ed1f3000-7fd8f0000000 rw-p 00000000 00:00 0 
7fd8f0000000-7fd8f0021000 rw-p 00000000 00:00 0 
7fd8f0021000-7fd8f4000000 ---p 00000000 00:00 0 
7fd8f4072000-7fd8f407b000 r--p 00000000 08:01 6555687                    /usr/share/locale/hu/LC_MESSAGES/libc.mo
7fd8f407b000-7fd8f4085000 r--s 00116000 08:01 527804                     /usr/lib/jvm/java-8-openjdk/jre/lib/ext/localedata.jar
7fd8f4085000-7fd8f40a1000 r--s 00393000 08:01 527805                     /usr/lib/jvm/java-8-openjdk/jre/lib/ext/cldrdata.jar
7fd8f40a1000-7fd8f4332000 rw-p 00000000 00:00 0 
7fd8f4332000-7fd8f44ff000 r--s 03bec000 08:01 7217175                    /usr/lib/jvm/java-8-openjdk/jre/lib/rt.jar
7fd8f44ff000-7fd8f4c3f000 rw-p 00000000 00:00 0 
7fd8f4c3f000-7fd8f4cff000 ---p 00000000 00:00 0 
7fd8f4cff000-7fd8f4eff000 rw-p 00000000 00:00 0 
7fd8f4eff000-7fd8f4f00000 ---p 00000000 00:00 0 
7fd8f4f00000-7fd8f5000000 rw-p 00000000 00:00 0 
7fd8f5000000-7fd8f57e0000 rwxp 00000000 00:00 0 
7fd8f57e0000-7fd904000000 ---p 00000000 00:00 0 
7fd904000000-7fd904290000 rw-p 00000000 00:00 0 
7fd904290000-7fd908000000 ---p 00000000 00:00 0 
7fd908003000-7fd90809a000 rw-p 00000000 00:00 0 
7fd90809a000-7fd90809b000 ---p 00000000 00:00 0 
7fd90809b000-7fd90819b000 rw-p 00000000 00:00 0 
7fd90819b000-7fd90819c000 ---p 00000000 00:00 0 
7fd90819c000-7fd90829c000 rw-p 00000000 00:00 0 
7fd90829c000-7fd90829d000 ---p 00000000 00:00 0 
7fd90829d000-7fd9083c7000 rw-p 00000000 00:00 0 
7fd9083c7000-7fd9084f3000 ---p 00000000 00:00 0 
7fd9084f3000-7fd90851d000 rw-p 00000000 00:00 0 
7fd90851d000-7fd908648000 ---p 00000000 00:00 0 
7fd908648000-7fd90868c000 rw-p 00000000 00:00 0 
7fd90868c000-7fd9086f3000 ---p 00000000 00:00 0 
7fd9086f3000-7fd908714000 rw-p 00000000 00:00 0 
7fd908714000-7fd908ab4000 ---p 00000000 00:00 0 
7fd908ab4000-7fd908abc000 r-xp 00000000 08:01 143093                     /usr/lib/jvm/java-8-openjdk/jre/lib/amd64/libzip.so
7fd908abc000-7fd908cbb000 ---p 00008000 08:01 143093                     /usr/lib/jvm/java-8-openjdk/jre/lib/amd64/libzip.so
7fd908cbb000-7fd908cbc000 rw-p 00007000 08:01 143093                     /usr/lib/jvm/java-8-openjdk/jre/lib/amd64/libzip.so
7fd908cbc000-7fd908cc7000 r-xp 00000000 08:01 6556887                    /usr/lib/libnss_files-2.23.so
7fd908cc7000-7fd908ec6000 ---p 0000b000 08:01 6556887                    /usr/lib/libnss_files-2.23.so
7fd908ec6000-7fd908ec7000 r--p 0000a000 08:01 6556887                    /usr/lib/libnss_files-2.23.so
7fd908ec7000-7fd908ec8000 rw-p 0000b000 08:01 6556887                    /usr/lib/libnss_files-2.23.so
7fd908ec8000-7fd908ece000 rw-p 00000000 00:00 0 
7fd908ece000-7fd908efa000 r-xp 00000000 08:01 143092                     /usr/lib/jvm/java-8-openjdk/jre/lib/amd64/libjava.so
7fd908efa000-7fd9090fa000 ---p 0002c000 08:01 143092                     /usr/lib/jvm/java-8-openjdk/jre/lib/amd64/libjava.so
7fd9090fa000-7fd9090fc000 rw-p 0002c000 08:01 143092                     /usr/lib/jvm/java-8-openjdk/jre/lib/amd64/libjava.so
7fd9090fc000-7fd909109000 r-xp 00000000 08:01 143081                     /usr/lib/jvm/java-8-openjdk/jre/lib/amd64/libverify.so
7fd909109000-7fd909308000 ---p 0000d000 08:01 143081                     /usr/lib/jvm/java-8-openjdk/jre/lib/amd64/libverify.so
7fd909308000-7fd90930a000 rw-p 0000c000 08:01 143081                     /usr/lib/jvm/java-8-openjdk/jre/lib/amd64/libverify.so
7fd90930a000-7fd909311000 r-xp 00000000 08:01 6556895                    /usr/lib/librt-2.23.so
7fd909311000-7fd909510000 ---p 00007000 08:01 6556895                    /usr/lib/librt-2.23.so
7fd909510000-7fd909511000 r--p 00006000 08:01 6556895                    /usr/lib/librt-2.23.so
7fd909511000-7fd909512000 rw-p 00007000 08:01 6556895                    /usr/lib/librt-2.23.so
7fd909512000-7fd909615000 r-xp 00000000 08:01 6556892                    /usr/lib/libm-2.23.so
7fd909615000-7fd909814000 ---p 00103000 08:01 6556892                    /usr/lib/libm-2.23.so
7fd909814000-7fd909815000 r--p 00102000 08:01 6556892                    /usr/lib/libm-2.23.so
7fd909815000-7fd909816000 rw-p 00103000 08:01 6556892                    /usr/lib/libm-2.23.so
7fd909816000-7fd90a46b000 r-xp 00000000 08:01 530697                     /usr/lib/jvm/java-8-openjdk/jre/lib/amd64/server/libjvm.so
7fd90a46b000-7fd90a66b000 ---p 00c55000 08:01 530697                     /usr/lib/jvm/java-8-openjdk/jre/lib/amd64/server/libjvm.so
7fd90a66b000-7fd90a727000 rw-p 00c55000 08:01 530697                     /usr/lib/jvm/java-8-openjdk/jre/lib/amd64/server/libjvm.so
7fd90a727000-7fd90a757000 rw-p 00000000 00:00 0 
7fd90a757000-7fd90a8ee000 r-xp 00000000 08:01 6556816                    /usr/lib/libc-2.23.so
7fd90a8ee000-7fd90aaee000 ---p 00197000 08:01 6556816                    /usr/lib/libc-2.23.so
7fd90aaee000-7fd90aaf2000 r--p 00197000 08:01 6556816                    /usr/lib/libc-2.23.so
7fd90aaf2000-7fd90aaf4000 rw-p 0019b000 08:01 6556816                    /usr/lib/libc-2.23.so
7fd90aaf4000-7fd90aaf8000 rw-p 00000000 00:00 0 
7fd90aaf8000-7fd90aafa000 r-xp 00000000 08:01 6556891                    /usr/lib/libdl-2.23.so
7fd90aafa000-7fd90acfa000 ---p 00002000 08:01 6556891                    /usr/lib/libdl-2.23.so
7fd90acfa000-7fd90acfb000 r--p 00002000 08:01 6556891                    /usr/lib/libdl-2.23.so
7fd90acfb000-7fd90acfc000 rw-p 00003000 08:01 6556891                    /usr/lib/libdl-2.23.so
7fd90acfc000-7fd90ad09000 r-xp 00000000 08:01 530694                     /usr/lib/jvm/java-8-openjdk/jre/lib/amd64/jli/libjli.so
7fd90ad09000-7fd90af08000 ---p 0000d000 08:01 530694                     /usr/lib/jvm/java-8-openjdk/jre/lib/amd64/jli/libjli.so
7fd90af08000-7fd90af09000 rw-p 0000c000 08:01 530694                     /usr/lib/jvm/java-8-openjdk/jre/lib/amd64/jli/libjli.so
7fd90af09000-7fd90af1e000 r-xp 00000000 08:01 6560124                    /usr/lib/libz.so.1.2.8
7fd90af1e000-7fd90b11d000 ---p 00015000 08:01 6560124                    /usr/lib/libz.so.1.2.8
7fd90b11d000-7fd90b11e000 r--p 00014000 08:01 6560124                    /usr/lib/libz.so.1.2.8
7fd90b11e000-7fd90b11f000 rw-p 00015000 08:01 6560124                    /usr/lib/libz.so.1.2.8
7fd90b11f000-7fd90b137000 r-xp 00000000 08:01 6556792                    /usr/lib/libpthread-2.23.so
7fd90b137000-7fd90b336000 ---p 00018000 08:01 6556792                    /usr/lib/libpthread-2.23.so
7fd90b336000-7fd90b337000 r--p 00017000 08:01 6556792                    /usr/lib/libpthread-2.23.so
7fd90b337000-7fd90b338000 rw-p 00018000 08:01 6556792                    /usr/lib/libpthread-2.23.so
7fd90b338000-7fd90b33c000 rw-p 00000000 00:00 0 
7fd90b33c000-7fd90b35f000 r-xp 00000000 08:01 6556815                    /usr/lib/ld-2.23.so
7fd90b363000-7fd90b367000 r--s 00097000 08:01 7217173                    /usr/lib/jvm/java-8-openjdk/jre/lib/jsse.jar
7fd90b367000-7fd90b42c000 rw-p 00000000 00:00 0 
7fd90b42c000-7fd90b42f000 ---p 00000000 00:00 0 
7fd90b42f000-7fd90b531000 rw-p 00000000 00:00 0 
7fd90b531000-7fd90b540000 r--s 000dd000 08:01 5659911                    /home/patrik/Android/Sdk/build-tools/22.0.1/lib/dx.jar
7fd90b540000-7fd90b554000 rw-p 00000000 00:00 0 
7fd90b554000-7fd90b55c000 rw-s 00000000 00:21 1952968                    /tmp/hsperfdata_patrik/15390
7fd90b55c000-7fd90b55d000 rw-p 00000000 00:00 0 
7fd90b55d000-7fd90b55e000 ---p 00000000 00:00 0 
7fd90b55e000-7fd90b55f000 rw-p 00000000 00:00 0 
7fd90b55f000-7fd90b560000 r--p 00023000 08:01 6556815                    /usr/lib/ld-2.23.so
7fd90b560000-7fd90b561000 rw-p 00024000 08:01 6556815                    /usr/lib/ld-2.23.so
7fd90b561000-7fd90b562000 rw-p 00000000 00:00 0 
7ffffb43a000-7ffffb45b000 rw-p 00000000 00:00 0                          [stack]
7ffffb5f6000-7ffffb5f9000 r--p 00000000 00:00 0                          [vvar]
7ffffb5f9000-7ffffb5fb000 r-xp 00000000 00:00 0                          [vdso]
ffffffffff600000-ffffffffff601000 r-xp 00000000 00:00 0                  [vsyscall]

VM Arguments:
jvm_args: -Xmx1024M -Dfile.encoding=UTF-8 -Duser.country=HU -Duser.language=hu -Duser.variant 
java_command: com.android.dx.command.Main --dex --output /home/patrik/DATA/AndroidStudioProjects/MTSuite/app/build/intermediates/dex/debug /home/patrik/DATA/AndroidStudioProjects/MTSuite/app/build/intermediates/classes/debug /home/patrik/DATA/AndroidStudioProjects/MTSuite/app/build/intermediates/pre-dexed/debug/support-annotations-24.1.1-cd388bc87b37b2a8dfa40602cc5d850871c8325a.jar /home/patrik/DATA/AndroidStudioProjects/MTSuite/app/build/intermediates/pre-dexed/debug/classes-b140d9b7851581c190e592bc9ffd24dc1c304cb6.jar /home/patrik/DATA/AndroidStudioProjects/MTSuite/app/build/intermediates/pre-dexed/debug/jackson-annotations-2.3.0-633c2883677843360fb3c73d087c42d5d0c8affa.jar /home/patrik/DATA/AndroidStudioProjects/MTSuite/app/build/intermediates/pre-dexed/debug/classes-7860eea1268e01fe8a04532ed78612c71b447a20.jar /home/patrik/DATA/AndroidStudioProjects/MTSuite/app/build/intermediates/pre-dexed/debug/spring-android-core-1.0.1.RELEASE-102f25e646ff496aaed8413b5996c347a8bfd823.jar /home/patrik/DATA/AndroidStudioProjects/MTSuite/app/build/intermediates/pre-dexed/debug/spring-android-rest-template-1.0.1.RELEASE-32acf4d3d2a61e4b3a01eb873885391447c73a29.jar /home/patrik/DATA/AndroidStudioProjects/MTSuite/app/build/intermediates/pre-dexed/debug/classes-b93705dafaad1a00b4c37417d679163b87b7ef93.jar /home/patrik/DATA/AndroidStudioProjects/MTSuite/app/build/intermediates/pre-dexed/debug/jackson-core-2.3.2-18a8883bab573f1cc40267e6c5aad52078a1f0f8.jar /home/patrik/DATA/AndroidStudioProjects/MTSuite/app/build/intermediates/pre-dexed/debug/internal_impl-24.1.1-8e18b63e982b54261e0ef1025cb8c572a2d07dc3.jar /home/patrik/DATA/AndroidStudioProjects/MTSuite/app/build/intermediates/pre-dexed/debug/classes-42a53f603270f6dbdf69703638aad000ea02de82.jar /home/patrik/DATA/AndroidStudioProjects/MTSuite/app/build/intermediates/pre-dexed/debug/classes-0576029dd09c31b8ddfb5391e4de1bc43f3148f8.jar /home/patrik/DATA/AndroidStudioProjects/MTSuite/app/build/intermediates/pre-dexed/debug/jackson-data
java_class_path (initial): /home/patrik/Android/Sdk/build-tools/22.0.1/lib/dx.jar
Launcher Type: SUN_STANDARD

Environment Variables:
PATH=/usr/local/sbin:/usr/local/bin:/usr/bin:/opt/android-sdk/platform-tools:/opt/android-sdk/tools:/usr/lib/jvm/default/bin:/usr/bin/site_perl:/usr/bin/vendor_perl:/usr/bin/core_perl
USERNAME=patrik
LD_LIBRARY_PATH=/opt/android-studio/bin:
SHELL=/bin/bash
DISPLAY=:0

Signal Handlers:
SIGSEGV: [libjvm.so+0xa5a220], sa_mask[0]=11111111011111111101111111111110, sa_flags=SA_RESTART|SA_SIGINFO
SIGBUS: [libjvm.so+0xa5a220], sa_mask[0]=11111111011111111101111111111110, sa_flags=SA_RESTART|SA_SIGINFO
SIGFPE: [libjvm.so+0x8a5a90], sa_mask[0]=11111111011111111101111111111110, sa_flags=SA_RESTART|SA_SIGINFO
SIGPIPE: [libjvm.so+0x8a5a90], sa_mask[0]=11111111011111111101111111111110, sa_flags=SA_RESTART|SA_SIGINFO
SIGXFSZ: [libjvm.so+0x8a5a90], sa_mask[0]=11111111011111111101111111111110, sa_flags=SA_RESTART|SA_SIGINFO
SIGILL: [libjvm.so+0x8a5a90], sa_mask[0]=11111111011111111101111111111110, sa_flags=SA_RESTART|SA_SIGINFO
SIGUSR1: SIG_DFL, sa_mask[0]=00000000000000000000000000000000, sa_flags=none
SIGUSR2: [libjvm.so+0x8a5940], sa_mask[0]=00100000000000000000000000000000, sa_flags=SA_RESTART|SA_SIGINFO
SIGHUP: [libjvm.so+0x8a5e10], sa_mask[0]=11111111011111111101111111111110, sa_flags=SA_RESTART|SA_SIGINFO
SIGINT: [libjvm.so+0x8a5e10], sa_mask[0]=11111111011111111101111111111110, sa_flags=SA_RESTART|SA_SIGINFO
SIGTERM: [libjvm.so+0x8a5e10], sa_mask[0]=11111111011111111101111111111110, sa_flags=SA_RESTART|SA_SIGINFO
SIGQUIT: [libjvm.so+0x8a5e10], sa_mask[0]=11111111011111111101111111111110, sa_flags=SA_RESTART|SA_SIGINFO


---------------  S Y S T E M  ---------------

OS:NAME="Arch Linux"
ID=arch
PRETTY_NAME="Arch Linux"
ANSI_COLOR="0;36"
HOME_URL="https://www.archlinux.org/"
SUPPORT_URL="https://bbs.archlinux.org/"
BUG_REPORT_URL="https://bugs.archlinux.org/"


uname:Linux 4.6.4-1-ARCH #1 SMP PREEMPT Mon Jul 11 19:12:32 CEST 2016 x86_64
libc:glibc 2.23 NPTL 2.23 
rlimit: STACK 8192k, CORE infinity, NPROC 31583, NOFILE 4096, AS infinity
load average:0,58 1,28 2,05

/proc/meminfo:
MemTotal:        8090552 kB
MemFree:          148600 kB
MemAvailable:      76140 kB
Buffers:            1388 kB
Cached:          1147576 kB
SwapCached:            0 kB
Active:          6606732 kB
Inactive:        1102428 kB
Active(anon):    6564544 kB
Inactive(anon):  1060188 kB
Active(file):      42188 kB
Inactive(file):    42240 kB
Unevictable:        1496 kB
Mlocked:            1496 kB
SwapTotal:             0 kB
SwapFree:              0 kB
Dirty:              5124 kB
Writeback:           256 kB
AnonPages:       6562072 kB
Mapped:           742092 kB
Shmem:           1064248 kB
Slab:              93712 kB
SReclaimable:      42620 kB
SUnreclaim:        51092 kB
KernelStack:       11840 kB
PageTables:        60716 kB
NFS_Unstable:          0 kB
Bounce:                0 kB
WritebackTmp:          0 kB
CommitLimit:     4045276 kB
Committed_AS:   13344768 kB
VmallocTotal:   34359738367 kB
VmallocUsed:           0 kB
VmallocChunk:          0 kB
HardwareCorrupted:     0 kB
AnonHugePages:   3581952 kB
HugePages_Total:       0
HugePages_Free:        0
HugePages_Rsvd:        0
HugePages_Surp:        0
Hugepagesize:       2048 kB
DirectMap4k:      209272 kB
DirectMap2M:     8089600 kB
DirectMap1G:           0 kB


CPU:total 4 (2 cores per cpu, 2 threads per core) family 6 model 60 stepping 3, cmov, cx8, fxsr, mmx, sse, sse2, sse3, ssse3, sse4.1, sse4.2, popcnt, avx, avx2, aes, clmul, erms, lzcnt, ht, tsc, tscinvbit, bmi1, bmi2

/proc/cpuinfo:
processor	: 0
vendor_id	: GenuineIntel
cpu family	: 6
model		: 60
model name	: Intel(R) Core(TM) i5-4200M CPU @ 2.50GHz
stepping	: 3
microcode	: 0x16
cpu MHz		: 3052.148
cache size	: 3072 KB
physical id	: 0
siblings	: 4
core id		: 0
cpu cores	: 2
apicid		: 0
initial apicid	: 0
fpu		: yes
fpu_exception	: yes
cpuid level	: 13
wp		: yes
flags		: fpu vme de pse tsc msr pae mce cx8 apic sep mtrr pge mca cmov pat pse36 clflush dts acpi mmx fxsr sse sse2 ss ht tm pbe syscall nx pdpe1gb rdtscp lm constant_tsc arch_perfmon pebs bts rep_good nopl xtopology nonstop_tsc aperfmperf eagerfpu pni pclmulqdq dtes64 monitor ds_cpl vmx est tm2 ssse3 sdbg fma cx16 xtpr pdcm pcid sse4_1 sse4_2 movbe popcnt tsc_deadline_timer aes xsave avx f16c rdrand lahf_lm abm epb tpr_shadow vnmi flexpriority ept vpid fsgsbase tsc_adjust bmi1 avx2 smep bmi2 erms invpcid xsaveopt dtherm ida arat pln pts
bugs		:
bogomips	: 4990.58
clflush size	: 64
cache_alignment	: 64
address sizes	: 39 bits physical, 48 bits virtual
power management:

processor	: 1
vendor_id	: GenuineIntel
cpu family	: 6
model		: 60
model name	: Intel(R) Core(TM) i5-4200M CPU @ 2.50GHz
stepping	: 3
microcode	: 0x16
cpu MHz		: 2521.484
cache size	: 3072 KB
physical id	: 0
siblings	: 4
core id		: 1
cpu cores	: 2
apicid		: 2
initial apicid	: 2
fpu		: yes
fpu_exception	: yes
cpuid level	: 13
wp		: yes
flags		: fpu vme de pse tsc msr pae mce cx8 apic sep mtrr pge mca cmov pat pse36 clflush dts acpi mmx fxsr sse sse2 ss ht tm pbe syscall nx pdpe1gb rdtscp lm constant_tsc arch_perfmon pebs bts rep_good nopl xtopology nonstop_tsc aperfmperf eagerfpu pni pclmulqdq dtes64 monitor ds_cpl vmx est tm2 ssse3 sdbg fma cx16 xtpr pdcm pcid sse4_1 sse4_2 movbe popcnt tsc_deadline_timer aes xsave avx f16c rdrand lahf_lm abm epb tpr_shadow vnmi flexpriority ept vpid fsgsbase tsc_adjust bmi1 avx2 smep bmi2 erms invpcid xsaveopt dtherm ida arat pln pts
bugs		:
bogomips	: 4991.43
clflush size	: 64
cache_alignment	: 64
address sizes	: 39 bits physical, 48 bits virtual
power management:

processor	: 2
vendor_id	: GenuineIntel
cpu family	: 6
model		: 60
model name	: Intel(R) Core(TM) i5-4200M CPU @ 2.50GHz
stepping	: 3
microcode	: 0x16
cpu MHz		: 3000.000
cache size	: 3072 KB
physical id	: 0
siblings	: 4
core id		: 0
cpu cores	: 2
apicid		: 1
initial apicid	: 1
fpu		: yes
fpu_exception	: yes
cpuid level	: 13
wp		: yes
flags		: fpu vme de pse tsc msr pae mce cx8 apic sep mtrr pge mca cmov pat pse36 clflush dts acpi mmx fxsr sse sse2 ss ht tm pbe syscall nx pdpe1gb rdtscp lm constant_tsc arch_perfmon pebs bts rep_good nopl xtopology nonstop_tsc aperfmperf eagerfpu pni pclmulqdq dtes64 monitor ds_cpl vmx est tm2 ssse3 sdbg fma cx16 xtpr pdcm pcid sse4_1 sse4_2 movbe popcnt tsc_deadline_timer aes xsave avx f16c rdrand lahf_lm abm epb tpr_shadow vnmi flexpriority ept vpid fsgsbase tsc_adjust bmi1 avx2 smep bmi2 erms invpcid xsaveopt dtherm ida arat pln pts
bugs		:
bogomips	: 4992.03
clflush size	: 64
cache_alignment	: 64
address sizes	: 39 bits physical, 48 bits virtual
power management:

processor	: 3
vendor_id	: GenuineIntel
cpu family	: 6
model		: 60
model name	: Intel(R) Core(TM) i5-4200M CPU @ 2.50GHz
stepping	: 3
microcode	: 0x16
cpu MHz		: 2693.066
cache size	: 3072 KB
physical id	: 0
siblings	: 4
core id		: 1
cpu cores	: 2
apicid		: 3
initial apicid	: 3
fpu		: yes
fpu_exception	: yes
cpuid level	: 13
wp		: yes
flags		: fpu vme de pse tsc msr pae mce cx8 apic sep mtrr pge mca cmov pat pse36 clflush dts acpi mmx fxsr sse sse2 ss ht tm pbe syscall nx pdpe1gb rdtscp lm constant_tsc arch_perfmon pebs bts rep_good nopl xtopology nonstop_tsc aperfmperf eagerfpu pni pclmulqdq dtes64 monitor ds_cpl vmx est tm2 ssse3 sdbg fma cx16 xtpr pdcm pcid sse4_1 sse4_2 movbe popcnt tsc_deadline_timer aes xsave avx f16c rdrand lahf_lm abm epb tpr_shadow vnmi flexpriority ept vpid fsgsbase tsc_adjust bmi1 avx2 smep bmi2 erms invpcid xsaveopt dtherm ida arat pln pts
bugs		:
bogomips	: 4991.57
clflush size	: 64
cache_alignment	: 64
address sizes	: 39 bits physical, 48 bits virtual
power management:



Memory: 4k page, physical 8090552k(148600k free), swap 0k(0k free)

vm_info: OpenJDK 64-Bit Server VM (25.92-b14) for linux-amd64 JRE (1.8.0_92-b14), built on Apr 24 2016 15:02:36 by "builduser" with gcc 5.3.0

time: Tue Aug 16 20:47:55 2016
elapsed time: 2 seconds (0d 0h 0m 2s)

