#
# There is insufficient memory for the Java Runtime Environment to continue.
# Native memory allocation (mmap) failed to map 164626432 bytes for committing reserved memory.
# Possible reasons:
#   The system is out of physical RAM or swap space
#   In 32 bit mode, the process size limit was hit
# Possible solutions:
#   Reduce memory load on the system
#   Increase physical memory or swap space
#   Check if swap backing store is full
#   Use 64 bit Java on a 64 bit OS
#   Decrease Java heap size (-Xmx/-Xms)
#   Decrease number of Java threads
#   Decrease Java thread stack sizes (-Xss)
#   Set larger code cache with -XX:ReservedCodeCacheSize=
# This output file may be truncated or incomplete.
#
#  Out of Memory Error (os_linux.cpp:2627), pid=15447, tid=0x00007f55ecad1700
#
# JRE version: OpenJDK Runtime Environment (8.0_92-b14) (build 1.8.0_92-b14)
# Java VM: OpenJDK 64-Bit Server VM (25.92-b14 mixed mode linux-amd64 compressed oops)
# Core dump written. Default location: /home/patrik/DATA/AndroidStudioProjects/MTSuite/app/core or core.15447
#

---------------  T H R E A D  ---------------

Current thread (0x00007f5604077000):  VMThread [stack: 0x00007f55ec9d1000,0x00007f55ecad2000] [id=15457]

Stack: [0x00007f55ec9d1000,0x00007f55ecad2000],  sp=0x00007f55ecad04c0,  free space=1021k
Native frames: (J=compiled Java code, j=interpreted, Vv=VM code, C=native code)
V  [libjvm.so+0xa596cb]
V  [libjvm.so+0x4c344c]
V  [libjvm.so+0x8aa3f0]
V  [libjvm.so+0x8a491e]
V  [libjvm.so+0x91e90b]
V  [libjvm.so+0x91fc43]
V  [libjvm.so+0x91c31b]
V  [libjvm.so+0x91c5cc]
V  [libjvm.so+0x8ce953]
V  [libjvm.so+0xa5b312]
V  [libjvm.so+0xa602e7]
V  [libjvm.so+0xa5db2c]
V  [libjvm.so+0xa5ef0f]
V  [libjvm.so+0xa5f401]
V  [libjvm.so+0x8a7902]

VM_Operation (0x00007f560ac7a1f0): ParallelGCFailedAllocation, mode: safepoint, requested by thread 0x00007f5604009000


---------------  P R O C E S S  ---------------

Java Threads: ( => current thread )
  0x00007f56040bf800 JavaThread "Service Thread" daemon [_thread_blocked, id=15464, stack(0x00007f55c7eff000,0x00007f55c8000000)]
  0x00007f56040bc000 JavaThread "C1 CompilerThread2" daemon [_thread_blocked, id=15463, stack(0x00007f55ec01d000,0x00007f55ec11e000)]
  0x00007f56040ba800 JavaThread "C2 CompilerThread1" daemon [_thread_blocked, id=15462, stack(0x00007f55ec11e000,0x00007f55ec21f000)]
  0x00007f56040b7800 JavaThread "C2 CompilerThread0" daemon [_thread_blocked, id=15461, stack(0x00007f55ec21f000,0x00007f55ec320000)]
  0x00007f56040b6000 JavaThread "Signal Dispatcher" daemon [_thread_blocked, id=15460, stack(0x00007f55ec320000,0x00007f55ec421000)]
  0x00007f5604083000 JavaThread "Finalizer" daemon [_thread_blocked, id=15459, stack(0x00007f55ec7cf000,0x00007f55ec8d0000)]
  0x00007f560407e800 JavaThread "Reference Handler" daemon [_thread_blocked, id=15458, stack(0x00007f55ec8d0000,0x00007f55ec9d1000)]
  0x00007f5604009000 JavaThread "main" [_thread_blocked, id=15452, stack(0x00007f560ab7b000,0x00007f560ac7c000)]

Other Threads:
=>0x00007f5604077000 VMThread [stack: 0x00007f55ec9d1000,0x00007f55ecad2000] [id=15457]
  0x00007f56040c2000 WatcherThread [stack: 0x00007f55c7dfe000,0x00007f55c7eff000] [id=15465]

VM state:at safepoint (normal execution)

VM Mutex/Monitor currently owned by a thread:  ([mutex/lock_event])
[0x00007f5604007260] Threads_lock - owner thread: 0x00007f5604077000
[0x00007f5604007760] Heap_lock - owner thread: 0x00007f5604009000

Heap:
 PSYoungGen      total 132096K, used 5089K [0x00000000eab00000, 0x00000000f3100000, 0x0000000100000000)
  eden space 126976K, 0% used [0x00000000eab00000,0x00000000eab00000,0x00000000f2700000)
  from space 5120K, 99% used [0x00000000f2700000,0x00000000f2bf8678,0x00000000f2c00000)
  to   space 5120K, 0% used [0x00000000f2c00000,0x00000000f2c00000,0x00000000f3100000)
 ParOldGen       total 84992K, used 40048K [0x00000000c0000000, 0x00000000c5300000, 0x00000000eab00000)
  object space 84992K, 47% used [0x00000000c0000000,0x00000000c271c3a8,0x00000000c5300000)
 Metaspace       used 7673K, capacity 7944K, committed 8192K, reserved 1056768K
  class space    used 732K, capacity 755K, committed 768K, reserved 1048576K

Card table byte_map: [0x00007f5608002000,0x00007f5608203000] byte_map_base: 0x00007f5607a02000

Marking Bits: (ParMarkBitMap*) 0x00007f5609e89540
 Begin Bits: [0x00007f55ee000000, 0x00007f55ef000000)
 End Bits:   [0x00007f55ef000000, 0x00007f55f0000000)

Polling page: 0x00007f560acac000

CodeCache: size=245760Kb used=8384Kb max_used=8393Kb free=237375Kb
 bounds [0x00007f55f5000000, 0x00007f55f5840000, 0x00007f5604000000]
 total_blobs=2709 nmethods=2413 adapters=210
 compilation: enabled

Compilation events (10 events):
Event: 1,870 Thread 0x00007f56040bc000 2411       3       com.android.dx.io.instructions.ShortArrayCodeInput::readLong (45 bytes)
Event: 1,871 Thread 0x00007f56040bc000 nmethod 2411 0x00007f55f58236d0 code [0x00007f55f58238e0, 0x00007f55f58247d8]
Event: 1,875 Thread 0x00007f56040b7800 2412       4       com.android.dex.Leb128::readSignedLeb128 (93 bytes)
Event: 1,875 Thread 0x00007f56040ba800 2413   !   4       com.android.dex.Dex$Section::writeSleb128 (55 bytes)
Event: 1,878 Thread 0x00007f56040ba800 nmethod 2413 0x00007f55f5837850 code [0x00007f55f58379a0, 0x00007f55f5837b58]
Event: 1,880 Thread 0x00007f56040b7800 nmethod 2412 0x00007f55f5838dd0 code [0x00007f55f5838f40, 0x00007f55f58392d8]
Event: 1,881 Thread 0x00007f56040ba800 2414       4       com.android.dx.io.instructions.InstructionCodec$34::decode (314 bytes)
Event: 1,881 Thread 0x00007f56040bc000 2415       3       com.android.dx.io.instructions.ShortArrayCodeOutput::write (78 bytes)
Event: 1,881 Thread 0x00007f56040bc000 nmethod 2415 0x00007f55f58380d0 code [0x00007f55f5838280, 0x00007f55f5838a30]
Event: 1,889 Thread 0x00007f56040b7800 2416       4       com.android.dx.io.instructions.RegisterRangeDecodedInstruction::withIndex (37 bytes)

GC Heap History (9 events):
Event: 0,666 GC heap before
{Heap before GC invocations=1 (full 0):
 PSYoungGen      total 36864K, used 31744K [0x00000000eab00000, 0x00000000ed400000, 0x0000000100000000)
  eden space 31744K, 100% used [0x00000000eab00000,0x00000000eca00000,0x00000000eca00000)
  from space 5120K, 0% used [0x00000000ecf00000,0x00000000ecf00000,0x00000000ed400000)
  to   space 5120K, 0% used [0x00000000eca00000,0x00000000eca00000,0x00000000ecf00000)
 ParOldGen       total 84992K, used 0K [0x00000000c0000000, 0x00000000c5300000, 0x00000000eab00000)
  object space 84992K, 0% used [0x00000000c0000000,0x00000000c0000000,0x00000000c5300000)
 Metaspace       used 5581K, capacity 6896K, committed 7040K, reserved 1056768K
  class space    used 531K, capacity 616K, committed 640K, reserved 1048576K
Event: 0,678 GC heap after
Heap after GC invocations=1 (full 0):
 PSYoungGen      total 36864K, used 5104K [0x00000000eab00000, 0x00000000ef300000, 0x0000000100000000)
  eden space 31744K, 0% used [0x00000000eab00000,0x00000000eab00000,0x00000000eca00000)
  from space 5120K, 99% used [0x00000000eca00000,0x00000000ecefc240,0x00000000ecf00000)
  to   space 5120K, 0% used [0x00000000eee00000,0x00000000eee00000,0x00000000ef300000)
 ParOldGen       total 84992K, used 2434K [0x00000000c0000000, 0x00000000c5300000, 0x00000000eab00000)
  object space 84992K, 2% used [0x00000000c0000000,0x00000000c0260940,0x00000000c5300000)
 Metaspace       used 5581K, capacity 6896K, committed 7040K, reserved 1056768K
  class space    used 531K, capacity 616K, committed 640K, reserved 1048576K
}
Event: 1,192 GC heap before
{Heap before GC invocations=2 (full 0):
 PSYoungGen      total 36864K, used 36848K [0x00000000eab00000, 0x00000000ef300000, 0x0000000100000000)
  eden space 31744K, 100% used [0x00000000eab00000,0x00000000eca00000,0x00000000eca00000)
  from space 5120K, 99% used [0x00000000eca00000,0x00000000ecefc240,0x00000000ecf00000)
  to   space 5120K, 0% used [0x00000000eee00000,0x00000000eee00000,0x00000000ef300000)
 ParOldGen       total 84992K, used 2434K [0x00000000c0000000, 0x00000000c5300000, 0x00000000eab00000)
  object space 84992K, 2% used [0x00000000c0000000,0x00000000c0260940,0x00000000c5300000)
 Metaspace       used 7498K, capacity 7874K, committed 7936K, reserved 1056768K
  class space    used 724K, capacity 754K, committed 768K, reserved 1048576K
Event: 1,206 GC heap after
Heap after GC invocations=2 (full 0):
 PSYoungGen      total 68608K, used 5113K [0x00000000eab00000, 0x00000000ef300000, 0x0000000100000000)
  eden space 63488K, 0% used [0x00000000eab00000,0x00000000eab00000,0x00000000ee900000)
  from space 5120K, 99% used [0x00000000eee00000,0x00000000ef2fe638,0x00000000ef300000)
  to   space 5120K, 0% used [0x00000000ee900000,0x00000000ee900000,0x00000000eee00000)
 ParOldGen       total 84992K, used 8926K [0x00000000c0000000, 0x00000000c5300000, 0x00000000eab00000)
  object space 84992K, 10% used [0x00000000c0000000,0x00000000c08b79f8,0x00000000c5300000)
 Metaspace       used 7498K, capacity 7874K, committed 7936K, reserved 1056768K
  class space    used 724K, capacity 754K, committed 768K, reserved 1048576K
}
Event: 1,444 GC heap before
{Heap before GC invocations=3 (full 0):
 PSYoungGen      total 68608K, used 68601K [0x00000000eab00000, 0x00000000ef300000, 0x0000000100000000)
  eden space 63488K, 100% used [0x00000000eab00000,0x00000000ee900000,0x00000000ee900000)
  from space 5120K, 99% used [0x00000000eee00000,0x00000000ef2fe638,0x00000000ef300000)
  to   space 5120K, 0% used [0x00000000ee900000,0x00000000ee900000,0x00000000eee00000)
 ParOldGen       total 84992K, used 8926K [0x00000000c0000000, 0x00000000c5300000, 0x00000000eab00000)
  object space 84992K, 10% used [0x00000000c0000000,0x00000000c08b79f8,0x00000000c5300000)
 Metaspace       used 7565K, capacity 7938K, committed 8192K, reserved 1056768K
  class space    used 724K, capacity 754K, committed 768K, reserved 1048576K
Event: 1,452 GC heap after
Heap after GC invocations=3 (full 0):
 PSYoungGen      total 68608K, used 5094K [0x00000000eab00000, 0x00000000f3100000, 0x0000000100000000)
  eden space 63488K, 0% used [0x00000000eab00000,0x00000000eab00000,0x00000000ee900000)
  from space 5120K, 99% used [0x00000000ee900000,0x00000000eedf9a18,0x00000000eee00000)
  to   space 5120K, 0% used [0x00000000f2c00000,0x00000000f2c00000,0x00000000f3100000)
 ParOldGen       total 84992K, used 14817K [0x00000000c0000000, 0x00000000c5300000, 0x00000000eab00000)
  object space 84992K, 17% used [0x00000000c0000000,0x00000000c0e78508,0x00000000c5300000)
 Metaspace       used 7565K, capacity 7938K, committed 8192K, reserved 1056768K
  class space    used 724K, capacity 754K, committed 768K, reserved 1048576K
}
Event: 1,612 GC heap before
{Heap before GC invocations=4 (full 0):
 PSYoungGen      total 68608K, used 68582K [0x00000000eab00000, 0x00000000f3100000, 0x0000000100000000)
  eden space 63488K, 100% used [0x00000000eab00000,0x00000000ee900000,0x00000000ee900000)
  from space 5120K, 99% used [0x00000000ee900000,0x00000000eedf9a18,0x00000000eee00000)
  to   space 5120K, 0% used [0x00000000f2c00000,0x00000000f2c00000,0x00000000f3100000)
 ParOldGen       total 84992K, used 14817K [0x00000000c0000000, 0x00000000c5300000, 0x00000000eab00000)
  object space 84992K, 17% used [0x00000000c0000000,0x00000000c0e78508,0x00000000c5300000)
 Metaspace       used 7580K, capacity 7938K, committed 8192K, reserved 1056768K
  class space    used 724K, capacity 754K, committed 768K, reserved 1048576K
Event: 1,620 GC heap after
Heap after GC invocations=4 (full 0):
 PSYoungGen      total 132096K, used 5103K [0x00000000eab00000, 0x00000000f3100000, 0x0000000100000000)
  eden space 126976K, 0% used [0x00000000eab00000,0x00000000eab00000,0x00000000f2700000)
  from space 5120K, 99% used [0x00000000f2c00000,0x00000000f30fbc28,0x00000000f3100000)
  to   space 5120K, 0% used [0x00000000f2700000,0x00000000f2700000,0x00000000f2c00000)
 ParOldGen       total 84992K, used 23629K [0x00000000c0000000, 0x00000000c5300000, 0x00000000eab00000)
  object space 84992K, 27% used [0x00000000c0000000,0x00000000c1713490,0x00000000c5300000)
 Metaspace       used 7580K, capacity 7938K, committed 8192K, reserved 1056768K
  class space    used 724K, capacity 754K, committed 768K, reserved 1048576K
}
Event: 1,890 GC heap before
{Heap before GC invocations=5 (full 0):
 PSYoungGen      total 132096K, used 132079K [0x00000000eab00000, 0x00000000f3100000, 0x0000000100000000)
  eden space 126976K, 100% used [0x00000000eab00000,0x00000000f2700000,0x00000000f2700000)
  from space 5120K, 99% used [0x00000000f2c00000,0x00000000f30fbc28,0x00000000f3100000)
  to   space 5120K, 0% used [0x00000000f2700000,0x00000000f2700000,0x00000000f2c00000)
 ParOldGen       total 84992K, used 23629K [0x00000000c0000000, 0x00000000c5300000, 0x00000000eab00000)
  object space 84992K, 27% used [0x00000000c0000000,0x00000000c1713490,0x00000000c5300000)
 Metaspace       used 7673K, capacity 7944K, committed 8192K, reserved 1056768K
  class space    used 732K, capacity 755K, committed 768K, reserved 1048576K

Deoptimization events (10 events):
Event: 1,009 Thread 0x00007f5604009000 Uncommon trap: reason=unstable_if action=reinterpret pc=0x00007f55f55fd7d8 method=java.util.HashMap.putVal(ILjava/lang/Object;Ljava/lang/Object;ZZ)Ljava/lang/Object; @ 162
Event: 1,009 Thread 0x00007f5604009000 Uncommon trap: reason=unstable_if action=reinterpret pc=0x00007f55f55f86a0 method=java.util.HashMap.putVal(ILjava/lang/Object;Ljava/lang/Object;ZZ)Ljava/lang/Object; @ 162
Event: 1,019 Thread 0x00007f5604009000 Uncommon trap: reason=unstable_if action=reinterpret pc=0x00007f55f553f8ec method=java.util.HashMap.getNode(ILjava/lang/Object;)Ljava/util/HashMap$Node; @ 84
Event: 1,035 Thread 0x00007f5604009000 Uncommon trap: reason=unstable_if action=reinterpret pc=0x00007f55f55926c0 method=java.util.HashMap.getNode(ILjava/lang/Object;)Ljava/util/HashMap$Node; @ 84
Event: 1,071 Thread 0x00007f5604009000 Uncommon trap: reason=class_check action=maybe_recompile pc=0x00007f55f550b338 method=java.util.ArrayList.<init>(Ljava/util/Collection;)V @ 6
Event: 1,075 Thread 0x00007f5604009000 Uncommon trap: reason=class_check action=maybe_recompile pc=0x00007f55f550b338 method=java.util.ArrayList.<init>(Ljava/util/Collection;)V @ 6
Event: 1,084 Thread 0x00007f5604009000 Uncommon trap: reason=predicate action=maybe_recompile pc=0x00007f55f567187c method=com.android.dex.Leb128.readUnsignedLeb128(Lcom/android/dex/util/ByteInput;)I @ 41
Event: 1,147 Thread 0x00007f5604009000 Uncommon trap: reason=unstable_if action=reinterpret pc=0x00007f55f56be6e0 method=com.android.dex.FieldId.compareTo(Lcom/android/dex/FieldId;)I @ 8
Event: 1,333 Thread 0x00007f5604009000 Uncommon trap: reason=unstable_if action=reinterpret pc=0x00007f55f574cd9c method=com.android.dex.EncodedValueCodec.readUnsignedInt(Lcom/android/dex/util/ByteInput;IZ)I @ 3
Event: 1,825 Thread 0x00007f5604009000 Uncommon trap: reason=unstable_if action=reinterpret pc=0x00007f55f57c5a80 method=com.android.dx.merge.DexMerger$IdMerger.mergeSorted()V @ 261

Internal exceptions (8 events):
Event: 0,029 Thread 0x00007f5604009000 Exception <a 'java/lang/NoSuchMethodError': Method sun.misc.Unsafe.defineClass(Ljava/lang/String;[BII)Ljava/lang/Class; name or signature does not match> (0x00000000eab07cc0) thrown at [/build/java8-openjdk/src/jdk8u-jdk8u92-b14/hotspot/src/share/vm/prims
Event: 0,029 Thread 0x00007f5604009000 Exception <a 'java/lang/NoSuchMethodError': Method sun.misc.Unsafe.prefetchRead(Ljava/lang/Object;J)V name or signature does not match> (0x00000000eab07fa8) thrown at [/build/java8-openjdk/src/jdk8u-jdk8u92-b14/hotspot/src/share/vm/prims/jni.cpp, line 401
Event: 1,069 Thread 0x00007f5604009000 Exception <a 'java/security/PrivilegedActionException'> (0x00000000ebe68788) thrown at [/build/java8-openjdk/src/jdk8u-jdk8u92-b14/hotspot/src/share/vm/prims/jvm.cpp, line 1386]
Event: 1,069 Thread 0x00007f5604009000 Exception <a 'java/security/PrivilegedActionException'> (0x00000000ebe68b80) thrown at [/build/java8-openjdk/src/jdk8u-jdk8u92-b14/hotspot/src/share/vm/prims/jvm.cpp, line 1386]
Event: 1,069 Thread 0x00007f5604009000 Exception <a 'java/security/PrivilegedActionException'> (0x00000000ebe6add0) thrown at [/build/java8-openjdk/src/jdk8u-jdk8u92-b14/hotspot/src/share/vm/prims/jvm.cpp, line 1386]
Event: 1,069 Thread 0x00007f5604009000 Exception <a 'java/security/PrivilegedActionException'> (0x00000000ebe6b1c8) thrown at [/build/java8-openjdk/src/jdk8u-jdk8u92-b14/hotspot/src/share/vm/prims/jvm.cpp, line 1386]
Event: 1,069 Thread 0x00007f5604009000 Exception <a 'java/security/PrivilegedActionException'> (0x00000000ebe6bff0) thrown at [/build/java8-openjdk/src/jdk8u-jdk8u92-b14/hotspot/src/share/vm/prims/jvm.cpp, line 1386]
Event: 1,069 Thread 0x00007f5604009000 Exception <a 'java/security/PrivilegedActionException'> (0x00000000ebe6c3e8) thrown at [/build/java8-openjdk/src/jdk8u-jdk8u92-b14/hotspot/src/share/vm/prims/jvm.cpp, line 1386]

Events (10 events):
Event: 1,825 Thread 0x00007f5604009000 Uncommon trap: trap_request=0xffffff65 fr.pc=0x00007f55f57c5a80
Event: 1,825 Thread 0x00007f5604009000 DEOPT PACKING pc=0x00007f55f57c5a80 sp=0x00007f560ac7a620
Event: 1,825 Thread 0x00007f5604009000 DEOPT UNPACKING pc=0x00007f55f5004f69 sp=0x00007f560ac7a5c8 mode 2
Event: 1,830 Thread 0x00007f5604009000 DEOPT PACKING pc=0x00007f55f5814cb9 sp=0x00007f560ac7a5a0
Event: 1,830 Thread 0x00007f5604009000 DEOPT UNPACKING pc=0x00007f55f5047373 sp=0x00007f560ac7a340 mode 0
Event: 1,831 Thread 0x00007f5604009000 DEOPT PACKING pc=0x00007f55f5814cb9 sp=0x00007f560ac7a5a0
Event: 1,831 Thread 0x00007f5604009000 DEOPT UNPACKING pc=0x00007f55f5047373 sp=0x00007f560ac7a340 mode 0
Event: 1,832 Thread 0x00007f5604009000 DEOPT PACKING pc=0x00007f55f5814cb9 sp=0x00007f560ac7a5a0
Event: 1,832 Thread 0x00007f5604009000 DEOPT UNPACKING pc=0x00007f55f5047373 sp=0x00007f560ac7a340 mode 0
Event: 1,890 Executing VM operation: ParallelGCFailedAllocation


Dynamic libraries:
00400000-00401000 r-xp 00000000 08:01 7087574                            /usr/lib/jvm/java-8-openjdk/jre/bin/java
00600000-00601000 rw-p 00000000 08:01 7087574                            /usr/lib/jvm/java-8-openjdk/jre/bin/java
0253d000-0255e000 rw-p 00000000 00:00 0                                  [heap]
c0000000-c5300000 rw-p 00000000 00:00 0 
c5300000-eab00000 ---p 00000000 00:00 0 
eab00000-f3100000 rw-p 00000000 00:00 0 
fce00000-100000000 ---p 00000000 00:00 0 
100000000-1000c0000 rw-p 00000000 00:00 0 
1000c0000-140000000 ---p 00000000 00:00 0 
7f55b4000000-7f55b4021000 rw-p 00000000 00:00 0 
7f55b4021000-7f55b8000000 ---p 00000000 00:00 0 
7f55bc000000-7f55bc021000 rw-p 00000000 00:00 0 
7f55bc021000-7f55c0000000 ---p 00000000 00:00 0 
7f55c0000000-7f55c06f2000 rw-p 00000000 00:00 0 
7f55c06f2000-7f55c4000000 ---p 00000000 00:00 0 
7f55c7df5000-7f55c7dfe000 r--p 00000000 08:01 6555687                    /usr/share/locale/hu/LC_MESSAGES/libc.mo
7f55c7dfe000-7f55c7dff000 ---p 00000000 00:00 0 
7f55c7dff000-7f55c7eff000 rw-p 00000000 00:00 0 
7f55c7eff000-7f55c7f02000 ---p 00000000 00:00 0 
7f55c7f02000-7f55c8000000 rw-p 00000000 00:00 0 
7f55c8000000-7f55c8546000 rw-p 00000000 00:00 0 
7f55c8546000-7f55cc000000 ---p 00000000 00:00 0 
7f55cc000000-7f55cc4e1000 rw-p 00000000 00:00 0 
7f55cc4e1000-7f55d0000000 ---p 00000000 00:00 0 
7f55d0000000-7f55d0021000 rw-p 00000000 00:00 0 
7f55d0021000-7f55d4000000 ---p 00000000 00:00 0 
7f55d4000000-7f55d4021000 rw-p 00000000 00:00 0 
7f55d4021000-7f55d8000000 ---p 00000000 00:00 0 
7f55d8000000-7f55d802e000 rw-p 00000000 00:00 0 
7f55d802e000-7f55dc000000 ---p 00000000 00:00 0 
7f55dc000000-7f55dc021000 rw-p 00000000 00:00 0 
7f55dc021000-7f55e0000000 ---p 00000000 00:00 0 
7f55e0000000-7f55e0021000 rw-p 00000000 00:00 0 
7f55e0021000-7f55e4000000 ---p 00000000 00:00 0 
7f55e4000000-7f55e4021000 rw-p 00000000 00:00 0 
7f55e4021000-7f55e8000000 ---p 00000000 00:00 0 
7f55e8000000-7f55e8021000 rw-p 00000000 00:00 0 
7f55e8021000-7f55ec000000 ---p 00000000 00:00 0 
7f55ec001000-7f55ec01d000 r--s 00393000 08:01 527805                     /usr/lib/jvm/java-8-openjdk/jre/lib/ext/cldrdata.jar
7f55ec01d000-7f55ec020000 ---p 00000000 00:00 0 
7f55ec020000-7f55ec11e000 rw-p 00000000 00:00 0 
7f55ec11e000-7f55ec121000 ---p 00000000 00:00 0 
7f55ec121000-7f55ec21f000 rw-p 00000000 00:00 0 
7f55ec21f000-7f55ec222000 ---p 00000000 00:00 0 
7f55ec222000-7f55ec320000 rw-p 00000000 00:00 0 
7f55ec320000-7f55ec323000 ---p 00000000 00:00 0 
7f55ec323000-7f55ec421000 rw-p 00000000 00:00 0 
7f55ec421000-7f55ec7cf000 r--p 00000000 08:01 6591396                    /usr/lib/locale/locale-archive
7f55ec7cf000-7f55ec7d2000 ---p 00000000 00:00 0 
7f55ec7d2000-7f55ec8d0000 rw-p 00000000 00:00 0 
7f55ec8d0000-7f55ec8d3000 ---p 00000000 00:00 0 
7f55ec8d3000-7f55ec9d1000 rw-p 00000000 00:00 0 
7f55ec9d1000-7f55ec9d2000 ---p 00000000 00:00 0 
7f55ec9d2000-7f55edf40000 rw-p 00000000 00:00 0 
7f55edf40000-7f55ee000000 ---p 00000000 00:00 0 
7f55ee000000-7f55f0000000 rw-p 00000000 00:00 0 
7f55f0000000-7f55f0021000 rw-p 00000000 00:00 0 
7f55f0021000-7f55f4000000 ---p 00000000 00:00 0 
7f55f4008000-7f55f4012000 r--s 00116000 08:01 527804                     /usr/lib/jvm/java-8-openjdk/jre/lib/ext/localedata.jar
7f55f4012000-7f55f42a3000 rw-p 00000000 00:00 0 
7f55f42a3000-7f55f4470000 r--s 03bec000 08:01 7217175                    /usr/lib/jvm/java-8-openjdk/jre/lib/rt.jar
7f55f4470000-7f55f46e6000 rw-p 00000000 00:00 0 
7f55f46e6000-7f55f46e7000 ---p 00000000 00:00 0 
7f55f46e7000-7f55f47e7000 rw-p 00000000 00:00 0 
7f55f47e7000-7f55f47e8000 ---p 00000000 00:00 0 
7f55f47e8000-7f55f48e8000 rw-p 00000000 00:00 0 
7f55f48e8000-7f55f48e9000 ---p 00000000 00:00 0 
7f55f48e9000-7f55f49e9000 rw-p 00000000 00:00 0 
7f55f49e9000-7f55f49ea000 ---p 00000000 00:00 0 
7f55f49ea000-7f55f4b14000 rw-p 00000000 00:00 0 
7f55f4b14000-7f55f4c40000 ---p 00000000 00:00 0 
7f55f4c40000-7f55f4c61000 rw-p 00000000 00:00 0 
7f55f4c61000-7f55f5000000 ---p 00000000 00:00 0 
7f55f5000000-7f55f5840000 rwxp 00000000 00:00 0 
7f55f5840000-7f5604000000 ---p 00000000 00:00 0 
7f5604000000-7f560424f000 rw-p 00000000 00:00 0 
7f560424f000-7f5608000000 ---p 00000000 00:00 0 
7f5608002000-7f560802c000 rw-p 00000000 00:00 0 
7f560802c000-7f5608157000 ---p 00000000 00:00 0 
7f5608157000-7f560819b000 rw-p 00000000 00:00 0 
7f560819b000-7f5608202000 ---p 00000000 00:00 0 
7f5608202000-7f5608203000 rw-p 00000000 00:00 0 
7f5608203000-7f560820b000 r-xp 00000000 08:01 143093                     /usr/lib/jvm/java-8-openjdk/jre/lib/amd64/libzip.so
7f560820b000-7f560840a000 ---p 00008000 08:01 143093                     /usr/lib/jvm/java-8-openjdk/jre/lib/amd64/libzip.so
7f560840a000-7f560840b000 rw-p 00007000 08:01 143093                     /usr/lib/jvm/java-8-openjdk/jre/lib/amd64/libzip.so
7f560840b000-7f5608416000 r-xp 00000000 08:01 6556887                    /usr/lib/libnss_files-2.23.so
7f5608416000-7f5608615000 ---p 0000b000 08:01 6556887                    /usr/lib/libnss_files-2.23.so
7f5608615000-7f5608616000 r--p 0000a000 08:01 6556887                    /usr/lib/libnss_files-2.23.so
7f5608616000-7f5608617000 rw-p 0000b000 08:01 6556887                    /usr/lib/libnss_files-2.23.so
7f5608617000-7f560861d000 rw-p 00000000 00:00 0 
7f560861d000-7f5608649000 r-xp 00000000 08:01 143092                     /usr/lib/jvm/java-8-openjdk/jre/lib/amd64/libjava.so
7f5608649000-7f5608849000 ---p 0002c000 08:01 143092                     /usr/lib/jvm/java-8-openjdk/jre/lib/amd64/libjava.so
7f5608849000-7f560884b000 rw-p 0002c000 08:01 143092                     /usr/lib/jvm/java-8-openjdk/jre/lib/amd64/libjava.so
7f560884b000-7f5608858000 r-xp 00000000 08:01 143081                     /usr/lib/jvm/java-8-openjdk/jre/lib/amd64/libverify.so
7f5608858000-7f5608a57000 ---p 0000d000 08:01 143081                     /usr/lib/jvm/java-8-openjdk/jre/lib/amd64/libverify.so
7f5608a57000-7f5608a59000 rw-p 0000c000 08:01 143081                     /usr/lib/jvm/java-8-openjdk/jre/lib/amd64/libverify.so
7f5608a59000-7f5608a60000 r-xp 00000000 08:01 6556895                    /usr/lib/librt-2.23.so
7f5608a60000-7f5608c5f000 ---p 00007000 08:01 6556895                    /usr/lib/librt-2.23.so
7f5608c5f000-7f5608c60000 r--p 00006000 08:01 6556895                    /usr/lib/librt-2.23.so
7f5608c60000-7f5608c61000 rw-p 00007000 08:01 6556895                    /usr/lib/librt-2.23.so
7f5608c61000-7f5608d64000 r-xp 00000000 08:01 6556892                    /usr/lib/libm-2.23.so
7f5608d64000-7f5608f63000 ---p 00103000 08:01 6556892                    /usr/lib/libm-2.23.so
7f5608f63000-7f5608f64000 r--p 00102000 08:01 6556892                    /usr/lib/libm-2.23.so
7f5608f64000-7f5608f65000 rw-p 00103000 08:01 6556892                    /usr/lib/libm-2.23.so
7f5608f65000-7f5609bba000 r-xp 00000000 08:01 530697                     /usr/lib/jvm/java-8-openjdk/jre/lib/amd64/server/libjvm.so
7f5609bba000-7f5609dba000 ---p 00c55000 08:01 530697                     /usr/lib/jvm/java-8-openjdk/jre/lib/amd64/server/libjvm.so
7f5609dba000-7f5609e76000 rw-p 00c55000 08:01 530697                     /usr/lib/jvm/java-8-openjdk/jre/lib/amd64/server/libjvm.so
7f5609e76000-7f5609ea6000 rw-p 00000000 00:00 0 
7f5609ea6000-7f560a03d000 r-xp 00000000 08:01 6556816                    /usr/lib/libc-2.23.so
7f560a03d000-7f560a23d000 ---p 00197000 08:01 6556816                    /usr/lib/libc-2.23.so
7f560a23d000-7f560a241000 r--p 00197000 08:01 6556816                    /usr/lib/libc-2.23.so
7f560a241000-7f560a243000 rw-p 0019b000 08:01 6556816                    /usr/lib/libc-2.23.so
7f560a243000-7f560a247000 rw-p 00000000 00:00 0 
7f560a247000-7f560a249000 r-xp 00000000 08:01 6556891                    /usr/lib/libdl-2.23.so
7f560a249000-7f560a449000 ---p 00002000 08:01 6556891                    /usr/lib/libdl-2.23.so
7f560a449000-7f560a44a000 r--p 00002000 08:01 6556891                    /usr/lib/libdl-2.23.so
7f560a44a000-7f560a44b000 rw-p 00003000 08:01 6556891                    /usr/lib/libdl-2.23.so
7f560a44b000-7f560a458000 r-xp 00000000 08:01 530694                     /usr/lib/jvm/java-8-openjdk/jre/lib/amd64/jli/libjli.so
7f560a458000-7f560a657000 ---p 0000d000 08:01 530694                     /usr/lib/jvm/java-8-openjdk/jre/lib/amd64/jli/libjli.so
7f560a657000-7f560a658000 rw-p 0000c000 08:01 530694                     /usr/lib/jvm/java-8-openjdk/jre/lib/amd64/jli/libjli.so
7f560a658000-7f560a66d000 r-xp 00000000 08:01 6560124                    /usr/lib/libz.so.1.2.8
7f560a66d000-7f560a86c000 ---p 00015000 08:01 6560124                    /usr/lib/libz.so.1.2.8
7f560a86c000-7f560a86d000 r--p 00014000 08:01 6560124                    /usr/lib/libz.so.1.2.8
7f560a86d000-7f560a86e000 rw-p 00015000 08:01 6560124                    /usr/lib/libz.so.1.2.8
7f560a86e000-7f560a886000 r-xp 00000000 08:01 6556792                    /usr/lib/libpthread-2.23.so
7f560a886000-7f560aa85000 ---p 00018000 08:01 6556792                    /usr/lib/libpthread-2.23.so
7f560aa85000-7f560aa86000 r--p 00017000 08:01 6556792                    /usr/lib/libpthread-2.23.so
7f560aa86000-7f560aa87000 rw-p 00018000 08:01 6556792                    /usr/lib/libpthread-2.23.so
7f560aa87000-7f560aa8b000 rw-p 00000000 00:00 0 
7f560aa8b000-7f560aaae000 r-xp 00000000 08:01 6556815                    /usr/lib/ld-2.23.so
7f560aab2000-7f560aab6000 r--s 00097000 08:01 7217173                    /usr/lib/jvm/java-8-openjdk/jre/lib/jsse.jar
7f560aab6000-7f560ab7b000 rw-p 00000000 00:00 0 
7f560ab7b000-7f560ab7e000 ---p 00000000 00:00 0 
7f560ab7e000-7f560ac80000 rw-p 00000000 00:00 0 
7f560ac80000-7f560ac8f000 r--s 000dd000 08:01 5659911                    /home/patrik/Android/Sdk/build-tools/22.0.1/lib/dx.jar
7f560ac8f000-7f560aca3000 rw-p 00000000 00:00 0 
7f560aca3000-7f560acab000 rw-s 00000000 00:21 1953367                    /tmp/hsperfdata_patrik/15447
7f560acab000-7f560acac000 rw-p 00000000 00:00 0 
7f560acac000-7f560acad000 ---p 00000000 00:00 0 
7f560acad000-7f560acae000 rw-p 00000000 00:00 0 
7f560acae000-7f560acaf000 r--p 00023000 08:01 6556815                    /usr/lib/ld-2.23.so
7f560acaf000-7f560acb0000 rw-p 00024000 08:01 6556815                    /usr/lib/ld-2.23.so
7f560acb0000-7f560acb1000 rw-p 00000000 00:00 0 
7ffe9d713000-7ffe9d734000 rw-p 00000000 00:00 0                          [stack]
7ffe9d7cb000-7ffe9d7ce000 r--p 00000000 00:00 0                          [vvar]
7ffe9d7ce000-7ffe9d7d0000 r-xp 00000000 00:00 0                          [vdso]
ffffffffff600000-ffffffffff601000 r-xp 00000000 00:00 0                  [vsyscall]

VM Arguments:
jvm_args: -Xmx1024M -Dfile.encoding=UTF-8 -Duser.country=HU -Duser.language=hu -Duser.variant 
java_command: com.android.dx.command.Main --dex --output /home/patrik/DATA/AndroidStudioProjects/MTSuite/app/build/intermediates/dex/debug /home/patrik/DATA/AndroidStudioProjects/MTSuite/app/build/intermediates/classes/debug /home/patrik/DATA/AndroidStudioProjects/MTSuite/app/build/intermediates/pre-dexed/debug/support-annotations-24.1.1-cd388bc87b37b2a8dfa40602cc5d850871c8325a.jar /home/patrik/DATA/AndroidStudioProjects/MTSuite/app/build/intermediates/pre-dexed/debug/classes-b140d9b7851581c190e592bc9ffd24dc1c304cb6.jar /home/patrik/DATA/AndroidStudioProjects/MTSuite/app/build/intermediates/pre-dexed/debug/jackson-annotations-2.3.0-633c2883677843360fb3c73d087c42d5d0c8affa.jar /home/patrik/DATA/AndroidStudioProjects/MTSuite/app/build/intermediates/pre-dexed/debug/classes-7860eea1268e01fe8a04532ed78612c71b447a20.jar /home/patrik/DATA/AndroidStudioProjects/MTSuite/app/build/intermediates/pre-dexed/debug/spring-android-core-1.0.1.RELEASE-102f25e646ff496aaed8413b5996c347a8bfd823.jar /home/patrik/DATA/AndroidStudioProjects/MTSuite/app/build/intermediates/pre-dexed/debug/spring-android-rest-template-1.0.1.RELEASE-32acf4d3d2a61e4b3a01eb873885391447c73a29.jar /home/patrik/DATA/AndroidStudioProjects/MTSuite/app/build/intermediates/pre-dexed/debug/classes-b93705dafaad1a00b4c37417d679163b87b7ef93.jar /home/patrik/DATA/AndroidStudioProjects/MTSuite/app/build/intermediates/pre-dexed/debug/jackson-core-2.3.2-18a8883bab573f1cc40267e6c5aad52078a1f0f8.jar /home/patrik/DATA/AndroidStudioProjects/MTSuite/app/build/intermediates/pre-dexed/debug/internal_impl-24.1.1-8e18b63e982b54261e0ef1025cb8c572a2d07dc3.jar /home/patrik/DATA/AndroidStudioProjects/MTSuite/app/build/intermediates/pre-dexed/debug/classes-42a53f603270f6dbdf69703638aad000ea02de82.jar /home/patrik/DATA/AndroidStudioProjects/MTSuite/app/build/intermediates/pre-dexed/debug/classes-0576029dd09c31b8ddfb5391e4de1bc43f3148f8.jar /home/patrik/DATA/AndroidStudioProjects/MTSuite/app/build/intermediates/pre-dexed/debug/jackson-data
java_class_path (initial): /home/patrik/Android/Sdk/build-tools/22.0.1/lib/dx.jar
Launcher Type: SUN_STANDARD

Environment Variables:
PATH=/usr/local/sbin:/usr/local/bin:/usr/bin:/opt/android-sdk/platform-tools:/opt/android-sdk/tools:/usr/lib/jvm/default/bin:/usr/bin/site_perl:/usr/bin/vendor_perl:/usr/bin/core_perl
USERNAME=patrik
LD_LIBRARY_PATH=/opt/android-studio/bin:
SHELL=/bin/bash
DISPLAY=:0

Signal Handlers:
SIGSEGV: [libjvm.so+0xa5a220], sa_mask[0]=11111111011111111101111111111110, sa_flags=SA_RESTART|SA_SIGINFO
SIGBUS: [libjvm.so+0xa5a220], sa_mask[0]=11111111011111111101111111111110, sa_flags=SA_RESTART|SA_SIGINFO
SIGFPE: [libjvm.so+0x8a5a90], sa_mask[0]=11111111011111111101111111111110, sa_flags=SA_RESTART|SA_SIGINFO
SIGPIPE: [libjvm.so+0x8a5a90], sa_mask[0]=11111111011111111101111111111110, sa_flags=SA_RESTART|SA_SIGINFO
SIGXFSZ: [libjvm.so+0x8a5a90], sa_mask[0]=11111111011111111101111111111110, sa_flags=SA_RESTART|SA_SIGINFO
SIGILL: [libjvm.so+0x8a5a90], sa_mask[0]=11111111011111111101111111111110, sa_flags=SA_RESTART|SA_SIGINFO
SIGUSR1: SIG_DFL, sa_mask[0]=00000000000000000000000000000000, sa_flags=none
SIGUSR2: [libjvm.so+0x8a5940], sa_mask[0]=00100000000000000000000000000000, sa_flags=SA_RESTART|SA_SIGINFO
SIGHUP: [libjvm.so+0x8a5e10], sa_mask[0]=11111111011111111101111111111110, sa_flags=SA_RESTART|SA_SIGINFO
SIGINT: [libjvm.so+0x8a5e10], sa_mask[0]=11111111011111111101111111111110, sa_flags=SA_RESTART|SA_SIGINFO
SIGTERM: [libjvm.so+0x8a5e10], sa_mask[0]=11111111011111111101111111111110, sa_flags=SA_RESTART|SA_SIGINFO
SIGQUIT: [libjvm.so+0x8a5e10], sa_mask[0]=11111111011111111101111111111110, sa_flags=SA_RESTART|SA_SIGINFO


---------------  S Y S T E M  ---------------

OS:NAME="Arch Linux"
ID=arch
PRETTY_NAME="Arch Linux"
ANSI_COLOR="0;36"
HOME_URL="https://www.archlinux.org/"
SUPPORT_URL="https://bbs.archlinux.org/"
BUG_REPORT_URL="https://bugs.archlinux.org/"


uname:Linux 4.6.4-1-ARCH #1 SMP PREEMPT Mon Jul 11 19:12:32 CEST 2016 x86_64
libc:glibc 2.23 NPTL 2.23 
rlimit: STACK 8192k, CORE infinity, NPROC 31583, NOFILE 4096, AS infinity
load average:0,83 1,22 1,99

/proc/meminfo:
MemTotal:        8090552 kB
MemFree:          132664 kB
MemAvailable:      52664 kB
Buffers:            3376 kB
Cached:          1129584 kB
SwapCached:            0 kB
Active:          6635180 kB
Inactive:        1093492 kB
Active(anon):    6600124 kB
Inactive(anon):  1058912 kB
Active(file):      35056 kB
Inactive(file):    34580 kB
Unevictable:        1496 kB
Mlocked:            1496 kB
SwapTotal:             0 kB
SwapFree:              0 kB
Dirty:              1248 kB
Writeback:           476 kB
AnonPages:       6597712 kB
Mapped:           724404 kB
Shmem:           1062976 kB
Slab:              90316 kB
SReclaimable:      42332 kB
SUnreclaim:        47984 kB
KernelStack:       11904 kB
PageTables:        60664 kB
NFS_Unstable:          0 kB
Bounce:                0 kB
WritebackTmp:          0 kB
CommitLimit:     4045276 kB
Committed_AS:   13367192 kB
VmallocTotal:   34359738367 kB
VmallocUsed:           0 kB
VmallocChunk:          0 kB
HardwareCorrupted:     0 kB
AnonHugePages:   3581952 kB
HugePages_Total:       0
HugePages_Free:        0
HugePages_Rsvd:        0
HugePages_Surp:        0
Hugepagesize:       2048 kB
DirectMap4k:      209272 kB
DirectMap2M:     8089600 kB
DirectMap1G:           0 kB


CPU:total 4 (2 cores per cpu, 2 threads per core) family 6 model 60 stepping 3, cmov, cx8, fxsr, mmx, sse, sse2, sse3, ssse3, sse4.1, sse4.2, popcnt, avx, avx2, aes, clmul, erms, lzcnt, ht, tsc, tscinvbit, bmi1, bmi2

/proc/cpuinfo:
processor	: 0
vendor_id	: GenuineIntel
cpu family	: 6
model		: 60
model name	: Intel(R) Core(TM) i5-4200M CPU @ 2.50GHz
stepping	: 3
microcode	: 0x16
cpu MHz		: 3074.414
cache size	: 3072 KB
physical id	: 0
siblings	: 4
core id		: 0
cpu cores	: 2
apicid		: 0
initial apicid	: 0
fpu		: yes
fpu_exception	: yes
cpuid level	: 13
wp		: yes
flags		: fpu vme de pse tsc msr pae mce cx8 apic sep mtrr pge mca cmov pat pse36 clflush dts acpi mmx fxsr sse sse2 ss ht tm pbe syscall nx pdpe1gb rdtscp lm constant_tsc arch_perfmon pebs bts rep_good nopl xtopology nonstop_tsc aperfmperf eagerfpu pni pclmulqdq dtes64 monitor ds_cpl vmx est tm2 ssse3 sdbg fma cx16 xtpr pdcm pcid sse4_1 sse4_2 movbe popcnt tsc_deadline_timer aes xsave avx f16c rdrand lahf_lm abm epb tpr_shadow vnmi flexpriority ept vpid fsgsbase tsc_adjust bmi1 avx2 smep bmi2 erms invpcid xsaveopt dtherm ida arat pln pts
bugs		:
bogomips	: 4990.58
clflush size	: 64
cache_alignment	: 64
address sizes	: 39 bits physical, 48 bits virtual
power management:

processor	: 1
vendor_id	: GenuineIntel
cpu family	: 6
model		: 60
model name	: Intel(R) Core(TM) i5-4200M CPU @ 2.50GHz
stepping	: 3
microcode	: 0x16
cpu MHz		: 2818.261
cache size	: 3072 KB
physical id	: 0
siblings	: 4
core id		: 1
cpu cores	: 2
apicid		: 2
initial apicid	: 2
fpu		: yes
fpu_exception	: yes
cpuid level	: 13
wp		: yes
flags		: fpu vme de pse tsc msr pae mce cx8 apic sep mtrr pge mca cmov pat pse36 clflush dts acpi mmx fxsr sse sse2 ss ht tm pbe syscall nx pdpe1gb rdtscp lm constant_tsc arch_perfmon pebs bts rep_good nopl xtopology nonstop_tsc aperfmperf eagerfpu pni pclmulqdq dtes64 monitor ds_cpl vmx est tm2 ssse3 sdbg fma cx16 xtpr pdcm pcid sse4_1 sse4_2 movbe popcnt tsc_deadline_timer aes xsave avx f16c rdrand lahf_lm abm epb tpr_shadow vnmi flexpriority ept vpid fsgsbase tsc_adjust bmi1 avx2 smep bmi2 erms invpcid xsaveopt dtherm ida arat pln pts
bugs		:
bogomips	: 4991.43
clflush size	: 64
cache_alignment	: 64
address sizes	: 39 bits physical, 48 bits virtual
power management:

processor	: 2
vendor_id	: GenuineIntel
cpu family	: 6
model		: 60
model name	: Intel(R) Core(TM) i5-4200M CPU @ 2.50GHz
stepping	: 3
microcode	: 0x16
cpu MHz		: 2956.347
cache size	: 3072 KB
physical id	: 0
siblings	: 4
core id		: 0
cpu cores	: 2
apicid		: 1
initial apicid	: 1
fpu		: yes
fpu_exception	: yes
cpuid level	: 13
wp		: yes
flags		: fpu vme de pse tsc msr pae mce cx8 apic sep mtrr pge mca cmov pat pse36 clflush dts acpi mmx fxsr sse sse2 ss ht tm pbe syscall nx pdpe1gb rdtscp lm constant_tsc arch_perfmon pebs bts rep_good nopl xtopology nonstop_tsc aperfmperf eagerfpu pni pclmulqdq dtes64 monitor ds_cpl vmx est tm2 ssse3 sdbg fma cx16 xtpr pdcm pcid sse4_1 sse4_2 movbe popcnt tsc_deadline_timer aes xsave avx f16c rdrand lahf_lm abm epb tpr_shadow vnmi flexpriority ept vpid fsgsbase tsc_adjust bmi1 avx2 smep bmi2 erms invpcid xsaveopt dtherm ida arat pln pts
bugs		:
bogomips	: 4992.03
clflush size	: 64
cache_alignment	: 64
address sizes	: 39 bits physical, 48 bits virtual
power management:

processor	: 3
vendor_id	: GenuineIntel
cpu family	: 6
model		: 60
model name	: Intel(R) Core(TM) i5-4200M CPU @ 2.50GHz
stepping	: 3
microcode	: 0x16
cpu MHz		: 2965.820
cache size	: 3072 KB
physical id	: 0
siblings	: 4
core id		: 1
cpu cores	: 2
apicid		: 3
initial apicid	: 3
fpu		: yes
fpu_exception	: yes
cpuid level	: 13
wp		: yes
flags		: fpu vme de pse tsc msr pae mce cx8 apic sep mtrr pge mca cmov pat pse36 clflush dts acpi mmx fxsr sse sse2 ss ht tm pbe syscall nx pdpe1gb rdtscp lm constant_tsc arch_perfmon pebs bts rep_good nopl xtopology nonstop_tsc aperfmperf eagerfpu pni pclmulqdq dtes64 monitor ds_cpl vmx est tm2 ssse3 sdbg fma cx16 xtpr pdcm pcid sse4_1 sse4_2 movbe popcnt tsc_deadline_timer aes xsave avx f16c rdrand lahf_lm abm epb tpr_shadow vnmi flexpriority ept vpid fsgsbase tsc_adjust bmi1 avx2 smep bmi2 erms invpcid xsaveopt dtherm ida arat pln pts
bugs		:
bogomips	: 4991.57
clflush size	: 64
cache_alignment	: 64
address sizes	: 39 bits physical, 48 bits virtual
power management:



Memory: 4k page, physical 8090552k(132664k free), swap 0k(0k free)

vm_info: OpenJDK 64-Bit Server VM (25.92-b14) for linux-amd64 JRE (1.8.0_92-b14), built on Apr 24 2016 15:02:36 by "builduser" with gcc 5.3.0

time: Tue Aug 16 20:48:44 2016
elapsed time: 1 seconds (0d 0h 0m 1s)

